

Started GET "/" for 127.0.0.1 at 2014-07-11 00:20:09 -0500

Gem::LoadError (Specified 'sqlite3' for database adapter, but the gem is not loaded. Add `gem 'sqlite3'` to your Gemfile (and ensure its version is at the minimum required by ActiveRecord).):
  vendor/ruby/2.0.0/gems/activerecord-4.1.4/lib/active_record/connection_adapters/connection_specification.rb:190:in `rescue in spec'
  vendor/ruby/2.0.0/gems/activerecord-4.1.4/lib/active_record/connection_adapters/connection_specification.rb:187:in `spec'
  vendor/ruby/2.0.0/gems/activerecord-4.1.4/lib/active_record/connection_handling.rb:50:in `establish_connection'
  vendor/ruby/2.0.0/gems/activerecord-4.1.4/lib/active_record/railtie.rb:129:in `block (2 levels) in <class:Railtie>'
  vendor/ruby/2.0.0/gems/activesupport-4.1.4/lib/active_support/lazy_load_hooks.rb:38:in `instance_eval'
  vendor/ruby/2.0.0/gems/activesupport-4.1.4/lib/active_support/lazy_load_hooks.rb:38:in `execute_hook'
  vendor/ruby/2.0.0/gems/activesupport-4.1.4/lib/active_support/lazy_load_hooks.rb:45:in `block in run_load_hooks'
  vendor/ruby/2.0.0/gems/activesupport-4.1.4/lib/active_support/lazy_load_hooks.rb:44:in `each'
  vendor/ruby/2.0.0/gems/activesupport-4.1.4/lib/active_support/lazy_load_hooks.rb:44:in `run_load_hooks'
  vendor/ruby/2.0.0/gems/activerecord-4.1.4/lib/active_record/base.rb:326:in `<module:ActiveRecord>'
  vendor/ruby/2.0.0/gems/activerecord-4.1.4/lib/active_record/base.rb:23:in `<top (required)>'
  vendor/ruby/2.0.0/gems/activerecord-4.1.4/lib/active_record/connection_adapters/abstract/connection_pool.rb:628:in `rescue in call'
  vendor/ruby/2.0.0/gems/activerecord-4.1.4/lib/active_record/connection_adapters/abstract/connection_pool.rb:619:in `call'
  vendor/ruby/2.0.0/gems/activerecord-4.1.4/lib/active_record/migration.rb:380:in `call'
  vendor/ruby/2.0.0/gems/actionpack-4.1.4/lib/action_dispatch/middleware/callbacks.rb:29:in `block in call'
  vendor/ruby/2.0.0/gems/activesupport-4.1.4/lib/active_support/callbacks.rb:82:in `run_callbacks'
  vendor/ruby/2.0.0/gems/actionpack-4.1.4/lib/action_dispatch/middleware/callbacks.rb:27:in `call'
  vendor/ruby/2.0.0/gems/actionpack-4.1.4/lib/action_dispatch/middleware/reloader.rb:73:in `call'
  vendor/ruby/2.0.0/gems/actionpack-4.1.4/lib/action_dispatch/middleware/remote_ip.rb:76:in `call'
  vendor/ruby/2.0.0/gems/actionpack-4.1.4/lib/action_dispatch/middleware/debug_exceptions.rb:17:in `call'
  vendor/ruby/2.0.0/gems/actionpack-4.1.4/lib/action_dispatch/middleware/show_exceptions.rb:30:in `call'
  vendor/ruby/2.0.0/gems/railties-4.1.4/lib/rails/rack/logger.rb:38:in `call_app'
  vendor/ruby/2.0.0/gems/railties-4.1.4/lib/rails/rack/logger.rb:20:in `block in call'
  vendor/ruby/2.0.0/gems/activesupport-4.1.4/lib/active_support/tagged_logging.rb:68:in `block in tagged'
  vendor/ruby/2.0.0/gems/activesupport-4.1.4/lib/active_support/tagged_logging.rb:26:in `tagged'
  vendor/ruby/2.0.0/gems/activesupport-4.1.4/lib/active_support/tagged_logging.rb:68:in `tagged'
  vendor/ruby/2.0.0/gems/railties-4.1.4/lib/rails/rack/logger.rb:20:in `call'
  vendor/ruby/2.0.0/gems/actionpack-4.1.4/lib/action_dispatch/middleware/request_id.rb:21:in `call'
  vendor/ruby/2.0.0/gems/rack-1.5.2/lib/rack/methodoverride.rb:21:in `call'
  vendor/ruby/2.0.0/gems/rack-1.5.2/lib/rack/runtime.rb:17:in `call'
  vendor/ruby/2.0.0/gems/activesupport-4.1.4/lib/active_support/cache/strategy/local_cache_middleware.rb:26:in `call'
  vendor/ruby/2.0.0/gems/rack-1.5.2/lib/rack/lock.rb:17:in `call'
  vendor/ruby/2.0.0/gems/actionpack-4.1.4/lib/action_dispatch/middleware/static.rb:64:in `call'
  vendor/ruby/2.0.0/gems/rack-1.5.2/lib/rack/sendfile.rb:112:in `call'
  vendor/ruby/2.0.0/gems/railties-4.1.4/lib/rails/engine.rb:514:in `call'
  vendor/ruby/2.0.0/gems/railties-4.1.4/lib/rails/application.rb:144:in `call'
  vendor/ruby/2.0.0/gems/rack-1.5.2/lib/rack/lock.rb:17:in `call'
  vendor/ruby/2.0.0/gems/rack-1.5.2/lib/rack/content_length.rb:14:in `call'
  vendor/ruby/2.0.0/gems/rack-1.5.2/lib/rack/handler/webrick.rb:60:in `service'
  /opt/boxen/rbenv/versions/2.0.0-p247/lib/ruby/2.0.0/webrick/httpserver.rb:138:in `service'
  /opt/boxen/rbenv/versions/2.0.0-p247/lib/ruby/2.0.0/webrick/httpserver.rb:94:in `run'
  /opt/boxen/rbenv/versions/2.0.0-p247/lib/ruby/2.0.0/webrick/server.rb:295:in `block in start_thread'


  Rendered vendor/ruby/2.0.0/gems/actionpack-4.1.4/lib/action_dispatch/middleware/templates/rescues/_source.erb (0.5ms)
  Rendered vendor/ruby/2.0.0/gems/actionpack-4.1.4/lib/action_dispatch/middleware/templates/rescues/_trace.html.erb (1.2ms)
  Rendered vendor/ruby/2.0.0/gems/actionpack-4.1.4/lib/action_dispatch/middleware/templates/rescues/_request_and_response.html.erb (0.9ms)
  Rendered vendor/ruby/2.0.0/gems/actionpack-4.1.4/lib/action_dispatch/middleware/templates/rescues/diagnostics.erb within rescues/layout (17.0ms)
  [1m[36mActiveRecord::SchemaMigration Load (0.4ms)[0m  [1mSELECT "schema_migrations".* FROM "schema_migrations"[0m
  [1m[36mSQL (0.4ms)[0m  [1mCREATE EXTENSION IF NOT EXISTS "plpgsql"[0m
  [1m[35m (5.6ms)[0m  CREATE TABLE "categories" ("id" serial primary key, "name" character varying(255), "options" character varying(255)[] DEFAULT '{}', "project_id" integer) 
  [1m[36m (1.4ms)[0m  [1mCREATE  INDEX  "index_categories_on_name" ON "categories" USING btree ("name")[0m
  [1m[35m (1.2ms)[0m  CREATE  INDEX  "index_categories_on_options" ON "categories" USING gin ("options")
  [1m[36m (1.1ms)[0m  [1mCREATE  INDEX  "index_categories_on_project_id" ON "categories" USING btree ("project_id")[0m
  [1m[35m (2.1ms)[0m  CREATE TABLE "projects" ("id" serial primary key, "name" character varying(255)) 
  [1m[36m (1.0ms)[0m  [1mCREATE  INDEX  "index_projects_on_name" ON "projects" USING btree ("name")[0m
  [1m[35m (3.0ms)[0m  CREATE TABLE "texts" ("id" serial primary key, "content" text, "category_id" integer, "option_index" integer) 
  [1m[36m (1.0ms)[0m  [1mCREATE  INDEX  "index_texts_on_category_id" ON "texts" USING btree ("category_id")[0m
  [1m[35m (0.9ms)[0m  CREATE TABLE "schema_migrations" ("version" character varying(255) NOT NULL) 
  [1m[36m (0.9ms)[0m  [1mCREATE UNIQUE INDEX  "unique_schema_migrations" ON "schema_migrations"  ("version")[0m
  [1m[35m (0.4ms)[0m  SELECT version FROM "schema_migrations"
  [1m[36m (0.4ms)[0m  [1mINSERT INTO "schema_migrations" (version) VALUES ('20140709024202')[0m
  [1m[35mActiveRecord::SchemaMigration Load (0.2ms)[0m  SELECT "schema_migrations".* FROM "schema_migrations"
  [1m[36mActiveRecord::SchemaMigration Load (0.3ms)[0m  [1mSELECT "schema_migrations".* FROM "schema_migrations"[0m


Started GET "/" for 127.0.0.1 at 2014-07-11 00:29:49 -0500
Processing by Rails::WelcomeController#index as HTML
  Rendered vendor/ruby/2.0.0/gems/railties-4.1.4/lib/rails/templates/rails/welcome/index.html.erb (1.3ms)
Completed 200 OK in 15ms (Views: 6.0ms | ActiveRecord: 0.0ms)


Started GET "/" for 127.0.0.1 at 2014-07-11 00:41:15 -0500
  [1m[36mActiveRecord::SchemaMigration Load (0.4ms)[0m  [1mSELECT "schema_migrations".* FROM "schema_migrations"[0m

ActiveRecord::PendingMigrationError (

Migrations are pending. To resolve this issue, run:

	bin/rake db:migrate RAILS_ENV=development

):
  vendor/ruby/2.0.0activerecord (4.1.4) lib/active_record/migration.rb:389:in `check_pending!'
  vendor/ruby/2.0.0activerecord (4.1.4) lib/active_record/migration.rb:377:in `call'
  vendor/ruby/2.0.0actionpack (4.1.4) lib/action_dispatch/middleware/callbacks.rb:29:in `block in call'
  vendor/ruby/2.0.0activesupport (4.1.4) lib/active_support/callbacks.rb:82:in `run_callbacks'
  vendor/ruby/2.0.0actionpack (4.1.4) lib/action_dispatch/middleware/callbacks.rb:27:in `call'
  vendor/ruby/2.0.0actionpack (4.1.4) lib/action_dispatch/middleware/reloader.rb:73:in `call'
  vendor/ruby/2.0.0actionpack (4.1.4) lib/action_dispatch/middleware/remote_ip.rb:76:in `call'
  vendor/ruby/2.0.0actionpack (4.1.4) lib/action_dispatch/middleware/debug_exceptions.rb:17:in `call'
  vendor/ruby/2.0.0actionpack (4.1.4) lib/action_dispatch/middleware/show_exceptions.rb:30:in `call'
  vendor/ruby/2.0.0railties (4.1.4) lib/rails/rack/logger.rb:38:in `call_app'
  vendor/ruby/2.0.0railties (4.1.4) lib/rails/rack/logger.rb:20:in `block in call'
  vendor/ruby/2.0.0activesupport (4.1.4) lib/active_support/tagged_logging.rb:68:in `block in tagged'
  vendor/ruby/2.0.0activesupport (4.1.4) lib/active_support/tagged_logging.rb:26:in `tagged'
  vendor/ruby/2.0.0activesupport (4.1.4) lib/active_support/tagged_logging.rb:68:in `tagged'
  vendor/ruby/2.0.0railties (4.1.4) lib/rails/rack/logger.rb:20:in `call'
  vendor/ruby/2.0.0actionpack (4.1.4) lib/action_dispatch/middleware/request_id.rb:21:in `call'
  vendor/ruby/2.0.0rack (1.5.2) lib/rack/methodoverride.rb:21:in `call'
  vendor/ruby/2.0.0rack (1.5.2) lib/rack/runtime.rb:17:in `call'
  vendor/ruby/2.0.0activesupport (4.1.4) lib/active_support/cache/strategy/local_cache_middleware.rb:26:in `call'
  vendor/ruby/2.0.0rack (1.5.2) lib/rack/lock.rb:17:in `call'
  vendor/ruby/2.0.0actionpack (4.1.4) lib/action_dispatch/middleware/static.rb:64:in `call'
  vendor/ruby/2.0.0rack (1.5.2) lib/rack/sendfile.rb:112:in `call'
  vendor/ruby/2.0.0railties (4.1.4) lib/rails/engine.rb:514:in `call'
  vendor/ruby/2.0.0railties (4.1.4) lib/rails/application.rb:144:in `call'
  vendor/ruby/2.0.0rack (1.5.2) lib/rack/lock.rb:17:in `call'
  vendor/ruby/2.0.0rack (1.5.2) lib/rack/content_length.rb:14:in `call'
  vendor/ruby/2.0.0rack (1.5.2) lib/rack/handler/webrick.rb:60:in `service'
  /opt/boxen/rbenv/versions/2.0.0-p247/lib/ruby/2.0.0/webrick/httpserver.rb:138:in `service'
  /opt/boxen/rbenv/versions/2.0.0-p247/lib/ruby/2.0.0/webrick/httpserver.rb:94:in `run'
  /opt/boxen/rbenv/versions/2.0.0-p247/lib/ruby/2.0.0/webrick/server.rb:295:in `block in start_thread'


  Rendered vendor/ruby/2.0.0/gems/actionpack-4.1.4/lib/action_dispatch/middleware/templates/rescues/_source.erb (0.4ms)
  Rendered vendor/ruby/2.0.0/gems/actionpack-4.1.4/lib/action_dispatch/middleware/templates/rescues/_trace.html.erb (1.1ms)
  Rendered vendor/ruby/2.0.0/gems/actionpack-4.1.4/lib/action_dispatch/middleware/templates/rescues/_request_and_response.html.erb (0.9ms)
  Rendered vendor/ruby/2.0.0/gems/actionpack-4.1.4/lib/action_dispatch/middleware/templates/rescues/diagnostics.erb within rescues/layout (15.0ms)


Started GET "/" for 127.0.0.1 at 2014-07-11 00:41:30 -0500
  [1m[36mActiveRecord::SchemaMigration Load (0.4ms)[0m  [1mSELECT "schema_migrations".* FROM "schema_migrations"[0m

ActiveRecord::PendingMigrationError (

Migrations are pending. To resolve this issue, run:

	bin/rake db:migrate RAILS_ENV=development

):
  vendor/ruby/2.0.0activerecord (4.1.4) lib/active_record/migration.rb:389:in `check_pending!'
  vendor/ruby/2.0.0activerecord (4.1.4) lib/active_record/migration.rb:377:in `call'
  vendor/ruby/2.0.0actionpack (4.1.4) lib/action_dispatch/middleware/callbacks.rb:29:in `block in call'
  vendor/ruby/2.0.0activesupport (4.1.4) lib/active_support/callbacks.rb:82:in `run_callbacks'
  vendor/ruby/2.0.0actionpack (4.1.4) lib/action_dispatch/middleware/callbacks.rb:27:in `call'
  vendor/ruby/2.0.0actionpack (4.1.4) lib/action_dispatch/middleware/reloader.rb:73:in `call'
  vendor/ruby/2.0.0actionpack (4.1.4) lib/action_dispatch/middleware/remote_ip.rb:76:in `call'
  vendor/ruby/2.0.0actionpack (4.1.4) lib/action_dispatch/middleware/debug_exceptions.rb:17:in `call'
  vendor/ruby/2.0.0actionpack (4.1.4) lib/action_dispatch/middleware/show_exceptions.rb:30:in `call'
  vendor/ruby/2.0.0railties (4.1.4) lib/rails/rack/logger.rb:38:in `call_app'
  vendor/ruby/2.0.0railties (4.1.4) lib/rails/rack/logger.rb:20:in `block in call'
  vendor/ruby/2.0.0activesupport (4.1.4) lib/active_support/tagged_logging.rb:68:in `block in tagged'
  vendor/ruby/2.0.0activesupport (4.1.4) lib/active_support/tagged_logging.rb:26:in `tagged'
  vendor/ruby/2.0.0activesupport (4.1.4) lib/active_support/tagged_logging.rb:68:in `tagged'
  vendor/ruby/2.0.0railties (4.1.4) lib/rails/rack/logger.rb:20:in `call'
  vendor/ruby/2.0.0actionpack (4.1.4) lib/action_dispatch/middleware/request_id.rb:21:in `call'
  vendor/ruby/2.0.0rack (1.5.2) lib/rack/methodoverride.rb:21:in `call'
  vendor/ruby/2.0.0rack (1.5.2) lib/rack/runtime.rb:17:in `call'
  vendor/ruby/2.0.0activesupport (4.1.4) lib/active_support/cache/strategy/local_cache_middleware.rb:26:in `call'
  vendor/ruby/2.0.0rack (1.5.2) lib/rack/lock.rb:17:in `call'
  vendor/ruby/2.0.0actionpack (4.1.4) lib/action_dispatch/middleware/static.rb:64:in `call'
  vendor/ruby/2.0.0rack (1.5.2) lib/rack/sendfile.rb:112:in `call'
  vendor/ruby/2.0.0railties (4.1.4) lib/rails/engine.rb:514:in `call'
  vendor/ruby/2.0.0railties (4.1.4) lib/rails/application.rb:144:in `call'
  vendor/ruby/2.0.0rack (1.5.2) lib/rack/lock.rb:17:in `call'
  vendor/ruby/2.0.0rack (1.5.2) lib/rack/content_length.rb:14:in `call'
  vendor/ruby/2.0.0rack (1.5.2) lib/rack/handler/webrick.rb:60:in `service'
  /opt/boxen/rbenv/versions/2.0.0-p247/lib/ruby/2.0.0/webrick/httpserver.rb:138:in `service'
  /opt/boxen/rbenv/versions/2.0.0-p247/lib/ruby/2.0.0/webrick/httpserver.rb:94:in `run'
  /opt/boxen/rbenv/versions/2.0.0-p247/lib/ruby/2.0.0/webrick/server.rb:295:in `block in start_thread'


  Rendered vendor/ruby/2.0.0/gems/actionpack-4.1.4/lib/action_dispatch/middleware/templates/rescues/_source.erb (0.6ms)
  Rendered vendor/ruby/2.0.0/gems/actionpack-4.1.4/lib/action_dispatch/middleware/templates/rescues/_trace.html.erb (0.9ms)
  Rendered vendor/ruby/2.0.0/gems/actionpack-4.1.4/lib/action_dispatch/middleware/templates/rescues/_request_and_response.html.erb (29.4ms)
  Rendered vendor/ruby/2.0.0/gems/actionpack-4.1.4/lib/action_dispatch/middleware/templates/rescues/diagnostics.erb within rescues/layout (43.7ms)


Started GET "/" for 127.0.0.1 at 2014-07-11 00:41:33 -0500
  [1m[35mActiveRecord::SchemaMigration Load (0.2ms)[0m  SELECT "schema_migrations".* FROM "schema_migrations"

ActiveRecord::PendingMigrationError (

Migrations are pending. To resolve this issue, run:

	bin/rake db:migrate RAILS_ENV=development

):
  vendor/ruby/2.0.0activerecord (4.1.4) lib/active_record/migration.rb:389:in `check_pending!'
  vendor/ruby/2.0.0activerecord (4.1.4) lib/active_record/migration.rb:377:in `call'
  vendor/ruby/2.0.0actionpack (4.1.4) lib/action_dispatch/middleware/callbacks.rb:29:in `block in call'
  vendor/ruby/2.0.0activesupport (4.1.4) lib/active_support/callbacks.rb:82:in `run_callbacks'
  vendor/ruby/2.0.0actionpack (4.1.4) lib/action_dispatch/middleware/callbacks.rb:27:in `call'
  vendor/ruby/2.0.0actionpack (4.1.4) lib/action_dispatch/middleware/reloader.rb:73:in `call'
  vendor/ruby/2.0.0actionpack (4.1.4) lib/action_dispatch/middleware/remote_ip.rb:76:in `call'
  vendor/ruby/2.0.0actionpack (4.1.4) lib/action_dispatch/middleware/debug_exceptions.rb:17:in `call'
  vendor/ruby/2.0.0actionpack (4.1.4) lib/action_dispatch/middleware/show_exceptions.rb:30:in `call'
  vendor/ruby/2.0.0railties (4.1.4) lib/rails/rack/logger.rb:38:in `call_app'
  vendor/ruby/2.0.0railties (4.1.4) lib/rails/rack/logger.rb:20:in `block in call'
  vendor/ruby/2.0.0activesupport (4.1.4) lib/active_support/tagged_logging.rb:68:in `block in tagged'
  vendor/ruby/2.0.0activesupport (4.1.4) lib/active_support/tagged_logging.rb:26:in `tagged'
  vendor/ruby/2.0.0activesupport (4.1.4) lib/active_support/tagged_logging.rb:68:in `tagged'
  vendor/ruby/2.0.0railties (4.1.4) lib/rails/rack/logger.rb:20:in `call'
  vendor/ruby/2.0.0actionpack (4.1.4) lib/action_dispatch/middleware/request_id.rb:21:in `call'
  vendor/ruby/2.0.0rack (1.5.2) lib/rack/methodoverride.rb:21:in `call'
  vendor/ruby/2.0.0rack (1.5.2) lib/rack/runtime.rb:17:in `call'
  vendor/ruby/2.0.0activesupport (4.1.4) lib/active_support/cache/strategy/local_cache_middleware.rb:26:in `call'
  vendor/ruby/2.0.0rack (1.5.2) lib/rack/lock.rb:17:in `call'
  vendor/ruby/2.0.0actionpack (4.1.4) lib/action_dispatch/middleware/static.rb:64:in `call'
  vendor/ruby/2.0.0rack (1.5.2) lib/rack/sendfile.rb:112:in `call'
  vendor/ruby/2.0.0railties (4.1.4) lib/rails/engine.rb:514:in `call'
  vendor/ruby/2.0.0railties (4.1.4) lib/rails/application.rb:144:in `call'
  vendor/ruby/2.0.0rack (1.5.2) lib/rack/lock.rb:17:in `call'
  vendor/ruby/2.0.0rack (1.5.2) lib/rack/content_length.rb:14:in `call'
  vendor/ruby/2.0.0rack (1.5.2) lib/rack/handler/webrick.rb:60:in `service'
  /opt/boxen/rbenv/versions/2.0.0-p247/lib/ruby/2.0.0/webrick/httpserver.rb:138:in `service'
  /opt/boxen/rbenv/versions/2.0.0-p247/lib/ruby/2.0.0/webrick/httpserver.rb:94:in `run'
  /opt/boxen/rbenv/versions/2.0.0-p247/lib/ruby/2.0.0/webrick/server.rb:295:in `block in start_thread'


  Rendered vendor/ruby/2.0.0/gems/actionpack-4.1.4/lib/action_dispatch/middleware/templates/rescues/_source.erb (0.5ms)
  Rendered vendor/ruby/2.0.0/gems/actionpack-4.1.4/lib/action_dispatch/middleware/templates/rescues/_trace.html.erb (1.7ms)
  Rendered vendor/ruby/2.0.0/gems/actionpack-4.1.4/lib/action_dispatch/middleware/templates/rescues/_request_and_response.html.erb (0.9ms)
  Rendered vendor/ruby/2.0.0/gems/actionpack-4.1.4/lib/action_dispatch/middleware/templates/rescues/diagnostics.erb within rescues/layout (17.6ms)


Started GET "/" for 127.0.0.1 at 2014-07-11 00:41:35 -0500
  [1m[36mActiveRecord::SchemaMigration Load (0.2ms)[0m  [1mSELECT "schema_migrations".* FROM "schema_migrations"[0m

ActiveRecord::PendingMigrationError (

Migrations are pending. To resolve this issue, run:

	bin/rake db:migrate RAILS_ENV=development

):
  vendor/ruby/2.0.0activerecord (4.1.4) lib/active_record/migration.rb:389:in `check_pending!'
  vendor/ruby/2.0.0activerecord (4.1.4) lib/active_record/migration.rb:377:in `call'
  vendor/ruby/2.0.0actionpack (4.1.4) lib/action_dispatch/middleware/callbacks.rb:29:in `block in call'
  vendor/ruby/2.0.0activesupport (4.1.4) lib/active_support/callbacks.rb:82:in `run_callbacks'
  vendor/ruby/2.0.0actionpack (4.1.4) lib/action_dispatch/middleware/callbacks.rb:27:in `call'
  vendor/ruby/2.0.0actionpack (4.1.4) lib/action_dispatch/middleware/reloader.rb:73:in `call'
  vendor/ruby/2.0.0actionpack (4.1.4) lib/action_dispatch/middleware/remote_ip.rb:76:in `call'
  vendor/ruby/2.0.0actionpack (4.1.4) lib/action_dispatch/middleware/debug_exceptions.rb:17:in `call'
  vendor/ruby/2.0.0actionpack (4.1.4) lib/action_dispatch/middleware/show_exceptions.rb:30:in `call'
  vendor/ruby/2.0.0railties (4.1.4) lib/rails/rack/logger.rb:38:in `call_app'
  vendor/ruby/2.0.0railties (4.1.4) lib/rails/rack/logger.rb:20:in `block in call'
  vendor/ruby/2.0.0activesupport (4.1.4) lib/active_support/tagged_logging.rb:68:in `block in tagged'
  vendor/ruby/2.0.0activesupport (4.1.4) lib/active_support/tagged_logging.rb:26:in `tagged'
  vendor/ruby/2.0.0activesupport (4.1.4) lib/active_support/tagged_logging.rb:68:in `tagged'
  vendor/ruby/2.0.0railties (4.1.4) lib/rails/rack/logger.rb:20:in `call'
  vendor/ruby/2.0.0actionpack (4.1.4) lib/action_dispatch/middleware/request_id.rb:21:in `call'
  vendor/ruby/2.0.0rack (1.5.2) lib/rack/methodoverride.rb:21:in `call'
  vendor/ruby/2.0.0rack (1.5.2) lib/rack/runtime.rb:17:in `call'
  vendor/ruby/2.0.0activesupport (4.1.4) lib/active_support/cache/strategy/local_cache_middleware.rb:26:in `call'
  vendor/ruby/2.0.0rack (1.5.2) lib/rack/lock.rb:17:in `call'
  vendor/ruby/2.0.0actionpack (4.1.4) lib/action_dispatch/middleware/static.rb:64:in `call'
  vendor/ruby/2.0.0rack (1.5.2) lib/rack/sendfile.rb:112:in `call'
  vendor/ruby/2.0.0railties (4.1.4) lib/rails/engine.rb:514:in `call'
  vendor/ruby/2.0.0railties (4.1.4) lib/rails/application.rb:144:in `call'
  vendor/ruby/2.0.0rack (1.5.2) lib/rack/lock.rb:17:in `call'
  vendor/ruby/2.0.0rack (1.5.2) lib/rack/content_length.rb:14:in `call'
  vendor/ruby/2.0.0rack (1.5.2) lib/rack/handler/webrick.rb:60:in `service'
  /opt/boxen/rbenv/versions/2.0.0-p247/lib/ruby/2.0.0/webrick/httpserver.rb:138:in `service'
  /opt/boxen/rbenv/versions/2.0.0-p247/lib/ruby/2.0.0/webrick/httpserver.rb:94:in `run'
  /opt/boxen/rbenv/versions/2.0.0-p247/lib/ruby/2.0.0/webrick/server.rb:295:in `block in start_thread'


  Rendered vendor/ruby/2.0.0/gems/actionpack-4.1.4/lib/action_dispatch/middleware/templates/rescues/_source.erb (0.5ms)
  Rendered vendor/ruby/2.0.0/gems/actionpack-4.1.4/lib/action_dispatch/middleware/templates/rescues/_trace.html.erb (1.1ms)
  Rendered vendor/ruby/2.0.0/gems/actionpack-4.1.4/lib/action_dispatch/middleware/templates/rescues/_request_and_response.html.erb (0.9ms)
  Rendered vendor/ruby/2.0.0/gems/actionpack-4.1.4/lib/action_dispatch/middleware/templates/rescues/diagnostics.erb within rescues/layout (15.0ms)
  [1m[36mActiveRecord::SchemaMigration Load (0.4ms)[0m  [1mSELECT "schema_migrations".* FROM "schema_migrations"[0m
Migrating to CreateArts (20140711054016)
  [1m[35m (0.2ms)[0m  BEGIN
  [1m[36m (3.0ms)[0m  [1mCREATE TABLE "arts" ("id" serial primary key, "created_at" timestamp, "updated_at" timestamp) [0m
  [1m[35mSQL (0.3ms)[0m  INSERT INTO "schema_migrations" ("version") VALUES ($1)  [["version", "20140711054016"]]
  [1m[36m (6.6ms)[0m  [1mCOMMIT[0m
  [1m[35mActiveRecord::SchemaMigration Load (0.3ms)[0m  SELECT "schema_migrations".* FROM "schema_migrations"


Started GET "/" for 127.0.0.1 at 2014-07-11 00:41:57 -0500
  [1m[36mActiveRecord::SchemaMigration Load (0.5ms)[0m  [1mSELECT "schema_migrations".* FROM "schema_migrations"[0m

ActionController::RoutingError (uninitialized constant ArtController):
  vendor/ruby/2.0.0activesupport (4.1.4) lib/active_support/inflector/methods.rb:238:in `const_get'
  vendor/ruby/2.0.0activesupport (4.1.4) lib/active_support/inflector/methods.rb:238:in `block in constantize'
  vendor/ruby/2.0.0activesupport (4.1.4) lib/active_support/inflector/methods.rb:236:in `each'
  vendor/ruby/2.0.0activesupport (4.1.4) lib/active_support/inflector/methods.rb:236:in `inject'
  vendor/ruby/2.0.0activesupport (4.1.4) lib/active_support/inflector/methods.rb:236:in `constantize'
  vendor/ruby/2.0.0actionpack (4.1.4) lib/action_dispatch/routing/route_set.rb:78:in `controller_reference'
  vendor/ruby/2.0.0actionpack (4.1.4) lib/action_dispatch/routing/route_set.rb:68:in `controller'
  vendor/ruby/2.0.0actionpack (4.1.4) lib/action_dispatch/routing/route_set.rb:46:in `call'
  vendor/ruby/2.0.0actionpack (4.1.4) lib/action_dispatch/journey/router.rb:71:in `block in call'
  vendor/ruby/2.0.0actionpack (4.1.4) lib/action_dispatch/journey/router.rb:59:in `each'
  vendor/ruby/2.0.0actionpack (4.1.4) lib/action_dispatch/journey/router.rb:59:in `call'
  vendor/ruby/2.0.0actionpack (4.1.4) lib/action_dispatch/routing/route_set.rb:678:in `call'
  vendor/ruby/2.0.0rack (1.5.2) lib/rack/etag.rb:23:in `call'
  vendor/ruby/2.0.0rack (1.5.2) lib/rack/conditionalget.rb:25:in `call'
  vendor/ruby/2.0.0rack (1.5.2) lib/rack/head.rb:11:in `call'
  vendor/ruby/2.0.0actionpack (4.1.4) lib/action_dispatch/middleware/params_parser.rb:27:in `call'
  vendor/ruby/2.0.0actionpack (4.1.4) lib/action_dispatch/middleware/flash.rb:254:in `call'
  vendor/ruby/2.0.0rack (1.5.2) lib/rack/session/abstract/id.rb:225:in `context'
  vendor/ruby/2.0.0rack (1.5.2) lib/rack/session/abstract/id.rb:220:in `call'
  vendor/ruby/2.0.0actionpack (4.1.4) lib/action_dispatch/middleware/cookies.rb:560:in `call'
  vendor/ruby/2.0.0activerecord (4.1.4) lib/active_record/query_cache.rb:36:in `call'
  vendor/ruby/2.0.0activerecord (4.1.4) lib/active_record/connection_adapters/abstract/connection_pool.rb:621:in `call'
  vendor/ruby/2.0.0activerecord (4.1.4) lib/active_record/migration.rb:380:in `call'
  vendor/ruby/2.0.0actionpack (4.1.4) lib/action_dispatch/middleware/callbacks.rb:29:in `block in call'
  vendor/ruby/2.0.0activesupport (4.1.4) lib/active_support/callbacks.rb:82:in `run_callbacks'
  vendor/ruby/2.0.0actionpack (4.1.4) lib/action_dispatch/middleware/callbacks.rb:27:in `call'
  vendor/ruby/2.0.0actionpack (4.1.4) lib/action_dispatch/middleware/reloader.rb:73:in `call'
  vendor/ruby/2.0.0actionpack (4.1.4) lib/action_dispatch/middleware/remote_ip.rb:76:in `call'
  vendor/ruby/2.0.0actionpack (4.1.4) lib/action_dispatch/middleware/debug_exceptions.rb:17:in `call'
  vendor/ruby/2.0.0actionpack (4.1.4) lib/action_dispatch/middleware/show_exceptions.rb:30:in `call'
  vendor/ruby/2.0.0railties (4.1.4) lib/rails/rack/logger.rb:38:in `call_app'
  vendor/ruby/2.0.0railties (4.1.4) lib/rails/rack/logger.rb:20:in `block in call'
  vendor/ruby/2.0.0activesupport (4.1.4) lib/active_support/tagged_logging.rb:68:in `block in tagged'
  vendor/ruby/2.0.0activesupport (4.1.4) lib/active_support/tagged_logging.rb:26:in `tagged'
  vendor/ruby/2.0.0activesupport (4.1.4) lib/active_support/tagged_logging.rb:68:in `tagged'
  vendor/ruby/2.0.0railties (4.1.4) lib/rails/rack/logger.rb:20:in `call'
  vendor/ruby/2.0.0actionpack (4.1.4) lib/action_dispatch/middleware/request_id.rb:21:in `call'
  vendor/ruby/2.0.0rack (1.5.2) lib/rack/methodoverride.rb:21:in `call'
  vendor/ruby/2.0.0rack (1.5.2) lib/rack/runtime.rb:17:in `call'
  vendor/ruby/2.0.0activesupport (4.1.4) lib/active_support/cache/strategy/local_cache_middleware.rb:26:in `call'
  vendor/ruby/2.0.0rack (1.5.2) lib/rack/lock.rb:17:in `call'
  vendor/ruby/2.0.0actionpack (4.1.4) lib/action_dispatch/middleware/static.rb:64:in `call'
  vendor/ruby/2.0.0rack (1.5.2) lib/rack/sendfile.rb:112:in `call'
  vendor/ruby/2.0.0railties (4.1.4) lib/rails/engine.rb:514:in `call'
  vendor/ruby/2.0.0railties (4.1.4) lib/rails/application.rb:144:in `call'
  vendor/ruby/2.0.0rack (1.5.2) lib/rack/lock.rb:17:in `call'
  vendor/ruby/2.0.0rack (1.5.2) lib/rack/content_length.rb:14:in `call'
  vendor/ruby/2.0.0rack (1.5.2) lib/rack/handler/webrick.rb:60:in `service'
  /opt/boxen/rbenv/versions/2.0.0-p247/lib/ruby/2.0.0/webrick/httpserver.rb:138:in `service'
  /opt/boxen/rbenv/versions/2.0.0-p247/lib/ruby/2.0.0/webrick/httpserver.rb:94:in `run'
  /opt/boxen/rbenv/versions/2.0.0-p247/lib/ruby/2.0.0/webrick/server.rb:295:in `block in start_thread'


  Rendered vendor/ruby/2.0.0/gems/actionpack-4.1.4/lib/action_dispatch/middleware/templates/rescues/_trace.html.erb (1.0ms)
  Rendered vendor/ruby/2.0.0/gems/actionpack-4.1.4/lib/action_dispatch/middleware/templates/routes/_route.html.erb (1.3ms)
  Rendered vendor/ruby/2.0.0/gems/actionpack-4.1.4/lib/action_dispatch/middleware/templates/routes/_table.html.erb (6.9ms)
  Rendered vendor/ruby/2.0.0/gems/actionpack-4.1.4/lib/action_dispatch/middleware/templates/rescues/routing_error.html.erb within rescues/layout (32.2ms)


Started GET "/" for 127.0.0.1 at 2014-07-11 00:48:04 -0500
  [1m[36mActiveRecord::SchemaMigration Load (0.6ms)[0m  [1mSELECT "schema_migrations".* FROM "schema_migrations"[0m

ActionController::RoutingError (uninitialized constant ArtController):
  vendor/ruby/2.0.0activesupport (4.1.4) lib/active_support/inflector/methods.rb:238:in `const_get'
  vendor/ruby/2.0.0activesupport (4.1.4) lib/active_support/inflector/methods.rb:238:in `block in constantize'
  vendor/ruby/2.0.0activesupport (4.1.4) lib/active_support/inflector/methods.rb:236:in `each'
  vendor/ruby/2.0.0activesupport (4.1.4) lib/active_support/inflector/methods.rb:236:in `inject'
  vendor/ruby/2.0.0activesupport (4.1.4) lib/active_support/inflector/methods.rb:236:in `constantize'
  vendor/ruby/2.0.0actionpack (4.1.4) lib/action_dispatch/routing/route_set.rb:78:in `controller_reference'
  vendor/ruby/2.0.0actionpack (4.1.4) lib/action_dispatch/routing/route_set.rb:68:in `controller'
  vendor/ruby/2.0.0actionpack (4.1.4) lib/action_dispatch/routing/route_set.rb:46:in `call'
  vendor/ruby/2.0.0actionpack (4.1.4) lib/action_dispatch/journey/router.rb:71:in `block in call'
  vendor/ruby/2.0.0actionpack (4.1.4) lib/action_dispatch/journey/router.rb:59:in `each'
  vendor/ruby/2.0.0actionpack (4.1.4) lib/action_dispatch/journey/router.rb:59:in `call'
  vendor/ruby/2.0.0actionpack (4.1.4) lib/action_dispatch/routing/route_set.rb:678:in `call'
  vendor/ruby/2.0.0rack (1.5.2) lib/rack/etag.rb:23:in `call'
  vendor/ruby/2.0.0rack (1.5.2) lib/rack/conditionalget.rb:25:in `call'
  vendor/ruby/2.0.0rack (1.5.2) lib/rack/head.rb:11:in `call'
  vendor/ruby/2.0.0actionpack (4.1.4) lib/action_dispatch/middleware/params_parser.rb:27:in `call'
  vendor/ruby/2.0.0actionpack (4.1.4) lib/action_dispatch/middleware/flash.rb:254:in `call'
  vendor/ruby/2.0.0rack (1.5.2) lib/rack/session/abstract/id.rb:225:in `context'
  vendor/ruby/2.0.0rack (1.5.2) lib/rack/session/abstract/id.rb:220:in `call'
  vendor/ruby/2.0.0actionpack (4.1.4) lib/action_dispatch/middleware/cookies.rb:560:in `call'
  vendor/ruby/2.0.0activerecord (4.1.4) lib/active_record/query_cache.rb:36:in `call'
  vendor/ruby/2.0.0activerecord (4.1.4) lib/active_record/connection_adapters/abstract/connection_pool.rb:621:in `call'
  vendor/ruby/2.0.0activerecord (4.1.4) lib/active_record/migration.rb:380:in `call'
  vendor/ruby/2.0.0actionpack (4.1.4) lib/action_dispatch/middleware/callbacks.rb:29:in `block in call'
  vendor/ruby/2.0.0activesupport (4.1.4) lib/active_support/callbacks.rb:82:in `run_callbacks'
  vendor/ruby/2.0.0actionpack (4.1.4) lib/action_dispatch/middleware/callbacks.rb:27:in `call'
  vendor/ruby/2.0.0actionpack (4.1.4) lib/action_dispatch/middleware/reloader.rb:73:in `call'
  vendor/ruby/2.0.0actionpack (4.1.4) lib/action_dispatch/middleware/remote_ip.rb:76:in `call'
  vendor/ruby/2.0.0actionpack (4.1.4) lib/action_dispatch/middleware/debug_exceptions.rb:17:in `call'
  vendor/ruby/2.0.0actionpack (4.1.4) lib/action_dispatch/middleware/show_exceptions.rb:30:in `call'
  vendor/ruby/2.0.0railties (4.1.4) lib/rails/rack/logger.rb:38:in `call_app'
  vendor/ruby/2.0.0railties (4.1.4) lib/rails/rack/logger.rb:20:in `block in call'
  vendor/ruby/2.0.0activesupport (4.1.4) lib/active_support/tagged_logging.rb:68:in `block in tagged'
  vendor/ruby/2.0.0activesupport (4.1.4) lib/active_support/tagged_logging.rb:26:in `tagged'
  vendor/ruby/2.0.0activesupport (4.1.4) lib/active_support/tagged_logging.rb:68:in `tagged'
  vendor/ruby/2.0.0railties (4.1.4) lib/rails/rack/logger.rb:20:in `call'
  vendor/ruby/2.0.0actionpack (4.1.4) lib/action_dispatch/middleware/request_id.rb:21:in `call'
  vendor/ruby/2.0.0rack (1.5.2) lib/rack/methodoverride.rb:21:in `call'
  vendor/ruby/2.0.0rack (1.5.2) lib/rack/runtime.rb:17:in `call'
  vendor/ruby/2.0.0activesupport (4.1.4) lib/active_support/cache/strategy/local_cache_middleware.rb:26:in `call'
  vendor/ruby/2.0.0rack (1.5.2) lib/rack/lock.rb:17:in `call'
  vendor/ruby/2.0.0actionpack (4.1.4) lib/action_dispatch/middleware/static.rb:64:in `call'
  vendor/ruby/2.0.0rack (1.5.2) lib/rack/sendfile.rb:112:in `call'
  vendor/ruby/2.0.0railties (4.1.4) lib/rails/engine.rb:514:in `call'
  vendor/ruby/2.0.0railties (4.1.4) lib/rails/application.rb:144:in `call'
  vendor/ruby/2.0.0rack (1.5.2) lib/rack/lock.rb:17:in `call'
  vendor/ruby/2.0.0rack (1.5.2) lib/rack/content_length.rb:14:in `call'
  vendor/ruby/2.0.0rack (1.5.2) lib/rack/handler/webrick.rb:60:in `service'
  /opt/boxen/rbenv/versions/2.0.0-p247/lib/ruby/2.0.0/webrick/httpserver.rb:138:in `service'
  /opt/boxen/rbenv/versions/2.0.0-p247/lib/ruby/2.0.0/webrick/httpserver.rb:94:in `run'
  /opt/boxen/rbenv/versions/2.0.0-p247/lib/ruby/2.0.0/webrick/server.rb:295:in `block in start_thread'


  Rendered vendor/ruby/2.0.0/gems/actionpack-4.1.4/lib/action_dispatch/middleware/templates/rescues/_trace.html.erb (1.0ms)
  Rendered vendor/ruby/2.0.0/gems/actionpack-4.1.4/lib/action_dispatch/middleware/templates/routes/_route.html.erb (1.2ms)
  Rendered vendor/ruby/2.0.0/gems/actionpack-4.1.4/lib/action_dispatch/middleware/templates/routes/_table.html.erb (4.4ms)
  Rendered vendor/ruby/2.0.0/gems/actionpack-4.1.4/lib/action_dispatch/middleware/templates/rescues/routing_error.html.erb within rescues/layout (26.8ms)


Started GET "/" for 127.0.0.1 at 2014-07-11 00:48:07 -0500

ActionController::RoutingError (uninitialized constant ArtController):
  vendor/ruby/2.0.0activesupport (4.1.4) lib/active_support/inflector/methods.rb:238:in `const_get'
  vendor/ruby/2.0.0activesupport (4.1.4) lib/active_support/inflector/methods.rb:238:in `block in constantize'
  vendor/ruby/2.0.0activesupport (4.1.4) lib/active_support/inflector/methods.rb:236:in `each'
  vendor/ruby/2.0.0activesupport (4.1.4) lib/active_support/inflector/methods.rb:236:in `inject'
  vendor/ruby/2.0.0activesupport (4.1.4) lib/active_support/inflector/methods.rb:236:in `constantize'
  vendor/ruby/2.0.0actionpack (4.1.4) lib/action_dispatch/routing/route_set.rb:78:in `controller_reference'
  vendor/ruby/2.0.0actionpack (4.1.4) lib/action_dispatch/routing/route_set.rb:68:in `controller'
  vendor/ruby/2.0.0actionpack (4.1.4) lib/action_dispatch/routing/route_set.rb:46:in `call'
  vendor/ruby/2.0.0actionpack (4.1.4) lib/action_dispatch/journey/router.rb:71:in `block in call'
  vendor/ruby/2.0.0actionpack (4.1.4) lib/action_dispatch/journey/router.rb:59:in `each'
  vendor/ruby/2.0.0actionpack (4.1.4) lib/action_dispatch/journey/router.rb:59:in `call'
  vendor/ruby/2.0.0actionpack (4.1.4) lib/action_dispatch/routing/route_set.rb:678:in `call'
  vendor/ruby/2.0.0rack (1.5.2) lib/rack/etag.rb:23:in `call'
  vendor/ruby/2.0.0rack (1.5.2) lib/rack/conditionalget.rb:25:in `call'
  vendor/ruby/2.0.0rack (1.5.2) lib/rack/head.rb:11:in `call'
  vendor/ruby/2.0.0actionpack (4.1.4) lib/action_dispatch/middleware/params_parser.rb:27:in `call'
  vendor/ruby/2.0.0actionpack (4.1.4) lib/action_dispatch/middleware/flash.rb:254:in `call'
  vendor/ruby/2.0.0rack (1.5.2) lib/rack/session/abstract/id.rb:225:in `context'
  vendor/ruby/2.0.0rack (1.5.2) lib/rack/session/abstract/id.rb:220:in `call'
  vendor/ruby/2.0.0actionpack (4.1.4) lib/action_dispatch/middleware/cookies.rb:560:in `call'
  vendor/ruby/2.0.0activerecord (4.1.4) lib/active_record/query_cache.rb:36:in `call'
  vendor/ruby/2.0.0activerecord (4.1.4) lib/active_record/connection_adapters/abstract/connection_pool.rb:621:in `call'
  vendor/ruby/2.0.0activerecord (4.1.4) lib/active_record/migration.rb:380:in `call'
  vendor/ruby/2.0.0actionpack (4.1.4) lib/action_dispatch/middleware/callbacks.rb:29:in `block in call'
  vendor/ruby/2.0.0activesupport (4.1.4) lib/active_support/callbacks.rb:82:in `run_callbacks'
  vendor/ruby/2.0.0actionpack (4.1.4) lib/action_dispatch/middleware/callbacks.rb:27:in `call'
  vendor/ruby/2.0.0actionpack (4.1.4) lib/action_dispatch/middleware/reloader.rb:73:in `call'
  vendor/ruby/2.0.0actionpack (4.1.4) lib/action_dispatch/middleware/remote_ip.rb:76:in `call'
  vendor/ruby/2.0.0actionpack (4.1.4) lib/action_dispatch/middleware/debug_exceptions.rb:17:in `call'
  vendor/ruby/2.0.0actionpack (4.1.4) lib/action_dispatch/middleware/show_exceptions.rb:30:in `call'
  vendor/ruby/2.0.0railties (4.1.4) lib/rails/rack/logger.rb:38:in `call_app'
  vendor/ruby/2.0.0railties (4.1.4) lib/rails/rack/logger.rb:20:in `block in call'
  vendor/ruby/2.0.0activesupport (4.1.4) lib/active_support/tagged_logging.rb:68:in `block in tagged'
  vendor/ruby/2.0.0activesupport (4.1.4) lib/active_support/tagged_logging.rb:26:in `tagged'
  vendor/ruby/2.0.0activesupport (4.1.4) lib/active_support/tagged_logging.rb:68:in `tagged'
  vendor/ruby/2.0.0railties (4.1.4) lib/rails/rack/logger.rb:20:in `call'
  vendor/ruby/2.0.0actionpack (4.1.4) lib/action_dispatch/middleware/request_id.rb:21:in `call'
  vendor/ruby/2.0.0rack (1.5.2) lib/rack/methodoverride.rb:21:in `call'
  vendor/ruby/2.0.0rack (1.5.2) lib/rack/runtime.rb:17:in `call'
  vendor/ruby/2.0.0activesupport (4.1.4) lib/active_support/cache/strategy/local_cache_middleware.rb:26:in `call'
  vendor/ruby/2.0.0rack (1.5.2) lib/rack/lock.rb:17:in `call'
  vendor/ruby/2.0.0actionpack (4.1.4) lib/action_dispatch/middleware/static.rb:64:in `call'
  vendor/ruby/2.0.0rack (1.5.2) lib/rack/sendfile.rb:112:in `call'
  vendor/ruby/2.0.0railties (4.1.4) lib/rails/engine.rb:514:in `call'
  vendor/ruby/2.0.0railties (4.1.4) lib/rails/application.rb:144:in `call'
  vendor/ruby/2.0.0rack (1.5.2) lib/rack/lock.rb:17:in `call'
  vendor/ruby/2.0.0rack (1.5.2) lib/rack/content_length.rb:14:in `call'
  vendor/ruby/2.0.0rack (1.5.2) lib/rack/handler/webrick.rb:60:in `service'
  /opt/boxen/rbenv/versions/2.0.0-p247/lib/ruby/2.0.0/webrick/httpserver.rb:138:in `service'
  /opt/boxen/rbenv/versions/2.0.0-p247/lib/ruby/2.0.0/webrick/httpserver.rb:94:in `run'
  /opt/boxen/rbenv/versions/2.0.0-p247/lib/ruby/2.0.0/webrick/server.rb:295:in `block in start_thread'


  Rendered vendor/ruby/2.0.0/gems/actionpack-4.1.4/lib/action_dispatch/middleware/templates/rescues/_trace.html.erb (1.1ms)
  Rendered vendor/ruby/2.0.0/gems/actionpack-4.1.4/lib/action_dispatch/middleware/templates/routes/_route.html.erb (1.2ms)
  Rendered vendor/ruby/2.0.0/gems/actionpack-4.1.4/lib/action_dispatch/middleware/templates/routes/_table.html.erb (1.0ms)
  Rendered vendor/ruby/2.0.0/gems/actionpack-4.1.4/lib/action_dispatch/middleware/templates/rescues/routing_error.html.erb within rescues/layout (20.1ms)


Started GET "/" for 127.0.0.1 at 2014-07-11 00:48:18 -0500

ActionController::RoutingError (uninitialized constant ArtController):
  vendor/ruby/2.0.0activesupport (4.1.4) lib/active_support/inflector/methods.rb:238:in `const_get'
  vendor/ruby/2.0.0activesupport (4.1.4) lib/active_support/inflector/methods.rb:238:in `block in constantize'
  vendor/ruby/2.0.0activesupport (4.1.4) lib/active_support/inflector/methods.rb:236:in `each'
  vendor/ruby/2.0.0activesupport (4.1.4) lib/active_support/inflector/methods.rb:236:in `inject'
  vendor/ruby/2.0.0activesupport (4.1.4) lib/active_support/inflector/methods.rb:236:in `constantize'
  vendor/ruby/2.0.0actionpack (4.1.4) lib/action_dispatch/routing/route_set.rb:78:in `controller_reference'
  vendor/ruby/2.0.0actionpack (4.1.4) lib/action_dispatch/routing/route_set.rb:68:in `controller'
  vendor/ruby/2.0.0actionpack (4.1.4) lib/action_dispatch/routing/route_set.rb:46:in `call'
  vendor/ruby/2.0.0actionpack (4.1.4) lib/action_dispatch/journey/router.rb:71:in `block in call'
  vendor/ruby/2.0.0actionpack (4.1.4) lib/action_dispatch/journey/router.rb:59:in `each'
  vendor/ruby/2.0.0actionpack (4.1.4) lib/action_dispatch/journey/router.rb:59:in `call'
  vendor/ruby/2.0.0actionpack (4.1.4) lib/action_dispatch/routing/route_set.rb:678:in `call'
  vendor/ruby/2.0.0rack (1.5.2) lib/rack/etag.rb:23:in `call'
  vendor/ruby/2.0.0rack (1.5.2) lib/rack/conditionalget.rb:25:in `call'
  vendor/ruby/2.0.0rack (1.5.2) lib/rack/head.rb:11:in `call'
  vendor/ruby/2.0.0actionpack (4.1.4) lib/action_dispatch/middleware/params_parser.rb:27:in `call'
  vendor/ruby/2.0.0actionpack (4.1.4) lib/action_dispatch/middleware/flash.rb:254:in `call'
  vendor/ruby/2.0.0rack (1.5.2) lib/rack/session/abstract/id.rb:225:in `context'
  vendor/ruby/2.0.0rack (1.5.2) lib/rack/session/abstract/id.rb:220:in `call'
  vendor/ruby/2.0.0actionpack (4.1.4) lib/action_dispatch/middleware/cookies.rb:560:in `call'
  vendor/ruby/2.0.0activerecord (4.1.4) lib/active_record/query_cache.rb:36:in `call'
  vendor/ruby/2.0.0activerecord (4.1.4) lib/active_record/connection_adapters/abstract/connection_pool.rb:621:in `call'
  vendor/ruby/2.0.0activerecord (4.1.4) lib/active_record/migration.rb:380:in `call'
  vendor/ruby/2.0.0actionpack (4.1.4) lib/action_dispatch/middleware/callbacks.rb:29:in `block in call'
  vendor/ruby/2.0.0activesupport (4.1.4) lib/active_support/callbacks.rb:82:in `run_callbacks'
  vendor/ruby/2.0.0actionpack (4.1.4) lib/action_dispatch/middleware/callbacks.rb:27:in `call'
  vendor/ruby/2.0.0actionpack (4.1.4) lib/action_dispatch/middleware/reloader.rb:73:in `call'
  vendor/ruby/2.0.0actionpack (4.1.4) lib/action_dispatch/middleware/remote_ip.rb:76:in `call'
  vendor/ruby/2.0.0actionpack (4.1.4) lib/action_dispatch/middleware/debug_exceptions.rb:17:in `call'
  vendor/ruby/2.0.0actionpack (4.1.4) lib/action_dispatch/middleware/show_exceptions.rb:30:in `call'
  vendor/ruby/2.0.0railties (4.1.4) lib/rails/rack/logger.rb:38:in `call_app'
  vendor/ruby/2.0.0railties (4.1.4) lib/rails/rack/logger.rb:20:in `block in call'
  vendor/ruby/2.0.0activesupport (4.1.4) lib/active_support/tagged_logging.rb:68:in `block in tagged'
  vendor/ruby/2.0.0activesupport (4.1.4) lib/active_support/tagged_logging.rb:26:in `tagged'
  vendor/ruby/2.0.0activesupport (4.1.4) lib/active_support/tagged_logging.rb:68:in `tagged'
  vendor/ruby/2.0.0railties (4.1.4) lib/rails/rack/logger.rb:20:in `call'
  vendor/ruby/2.0.0actionpack (4.1.4) lib/action_dispatch/middleware/request_id.rb:21:in `call'
  vendor/ruby/2.0.0rack (1.5.2) lib/rack/methodoverride.rb:21:in `call'
  vendor/ruby/2.0.0rack (1.5.2) lib/rack/runtime.rb:17:in `call'
  vendor/ruby/2.0.0activesupport (4.1.4) lib/active_support/cache/strategy/local_cache_middleware.rb:26:in `call'
  vendor/ruby/2.0.0rack (1.5.2) lib/rack/lock.rb:17:in `call'
  vendor/ruby/2.0.0actionpack (4.1.4) lib/action_dispatch/middleware/static.rb:64:in `call'
  vendor/ruby/2.0.0rack (1.5.2) lib/rack/sendfile.rb:112:in `call'
  vendor/ruby/2.0.0railties (4.1.4) lib/rails/engine.rb:514:in `call'
  vendor/ruby/2.0.0railties (4.1.4) lib/rails/application.rb:144:in `call'
  vendor/ruby/2.0.0rack (1.5.2) lib/rack/lock.rb:17:in `call'
  vendor/ruby/2.0.0rack (1.5.2) lib/rack/content_length.rb:14:in `call'
  vendor/ruby/2.0.0rack (1.5.2) lib/rack/handler/webrick.rb:60:in `service'
  /opt/boxen/rbenv/versions/2.0.0-p247/lib/ruby/2.0.0/webrick/httpserver.rb:138:in `service'
  /opt/boxen/rbenv/versions/2.0.0-p247/lib/ruby/2.0.0/webrick/httpserver.rb:94:in `run'
  /opt/boxen/rbenv/versions/2.0.0-p247/lib/ruby/2.0.0/webrick/server.rb:295:in `block in start_thread'


  Rendered vendor/ruby/2.0.0/gems/actionpack-4.1.4/lib/action_dispatch/middleware/templates/rescues/_trace.html.erb (1.9ms)
  Rendered vendor/ruby/2.0.0/gems/actionpack-4.1.4/lib/action_dispatch/middleware/templates/routes/_route.html.erb (31.9ms)
  Rendered vendor/ruby/2.0.0/gems/actionpack-4.1.4/lib/action_dispatch/middleware/templates/routes/_table.html.erb (1.0ms)
  Rendered vendor/ruby/2.0.0/gems/actionpack-4.1.4/lib/action_dispatch/middleware/templates/rescues/routing_error.html.erb within rescues/layout (58.2ms)


Started GET "/" for 127.0.0.1 at 2014-07-11 00:48:21 -0500

ActionController::RoutingError (uninitialized constant ArtController):
  vendor/ruby/2.0.0activesupport (4.1.4) lib/active_support/inflector/methods.rb:238:in `const_get'
  vendor/ruby/2.0.0activesupport (4.1.4) lib/active_support/inflector/methods.rb:238:in `block in constantize'
  vendor/ruby/2.0.0activesupport (4.1.4) lib/active_support/inflector/methods.rb:236:in `each'
  vendor/ruby/2.0.0activesupport (4.1.4) lib/active_support/inflector/methods.rb:236:in `inject'
  vendor/ruby/2.0.0activesupport (4.1.4) lib/active_support/inflector/methods.rb:236:in `constantize'
  vendor/ruby/2.0.0actionpack (4.1.4) lib/action_dispatch/routing/route_set.rb:78:in `controller_reference'
  vendor/ruby/2.0.0actionpack (4.1.4) lib/action_dispatch/routing/route_set.rb:68:in `controller'
  vendor/ruby/2.0.0actionpack (4.1.4) lib/action_dispatch/routing/route_set.rb:46:in `call'
  vendor/ruby/2.0.0actionpack (4.1.4) lib/action_dispatch/journey/router.rb:71:in `block in call'
  vendor/ruby/2.0.0actionpack (4.1.4) lib/action_dispatch/journey/router.rb:59:in `each'
  vendor/ruby/2.0.0actionpack (4.1.4) lib/action_dispatch/journey/router.rb:59:in `call'
  vendor/ruby/2.0.0actionpack (4.1.4) lib/action_dispatch/routing/route_set.rb:678:in `call'
  vendor/ruby/2.0.0rack (1.5.2) lib/rack/etag.rb:23:in `call'
  vendor/ruby/2.0.0rack (1.5.2) lib/rack/conditionalget.rb:25:in `call'
  vendor/ruby/2.0.0rack (1.5.2) lib/rack/head.rb:11:in `call'
  vendor/ruby/2.0.0actionpack (4.1.4) lib/action_dispatch/middleware/params_parser.rb:27:in `call'
  vendor/ruby/2.0.0actionpack (4.1.4) lib/action_dispatch/middleware/flash.rb:254:in `call'
  vendor/ruby/2.0.0rack (1.5.2) lib/rack/session/abstract/id.rb:225:in `context'
  vendor/ruby/2.0.0rack (1.5.2) lib/rack/session/abstract/id.rb:220:in `call'
  vendor/ruby/2.0.0actionpack (4.1.4) lib/action_dispatch/middleware/cookies.rb:560:in `call'
  vendor/ruby/2.0.0activerecord (4.1.4) lib/active_record/query_cache.rb:36:in `call'
  vendor/ruby/2.0.0activerecord (4.1.4) lib/active_record/connection_adapters/abstract/connection_pool.rb:621:in `call'
  vendor/ruby/2.0.0activerecord (4.1.4) lib/active_record/migration.rb:380:in `call'
  vendor/ruby/2.0.0actionpack (4.1.4) lib/action_dispatch/middleware/callbacks.rb:29:in `block in call'
  vendor/ruby/2.0.0activesupport (4.1.4) lib/active_support/callbacks.rb:82:in `run_callbacks'
  vendor/ruby/2.0.0actionpack (4.1.4) lib/action_dispatch/middleware/callbacks.rb:27:in `call'
  vendor/ruby/2.0.0actionpack (4.1.4) lib/action_dispatch/middleware/reloader.rb:73:in `call'
  vendor/ruby/2.0.0actionpack (4.1.4) lib/action_dispatch/middleware/remote_ip.rb:76:in `call'
  vendor/ruby/2.0.0actionpack (4.1.4) lib/action_dispatch/middleware/debug_exceptions.rb:17:in `call'
  vendor/ruby/2.0.0actionpack (4.1.4) lib/action_dispatch/middleware/show_exceptions.rb:30:in `call'
  vendor/ruby/2.0.0railties (4.1.4) lib/rails/rack/logger.rb:38:in `call_app'
  vendor/ruby/2.0.0railties (4.1.4) lib/rails/rack/logger.rb:20:in `block in call'
  vendor/ruby/2.0.0activesupport (4.1.4) lib/active_support/tagged_logging.rb:68:in `block in tagged'
  vendor/ruby/2.0.0activesupport (4.1.4) lib/active_support/tagged_logging.rb:26:in `tagged'
  vendor/ruby/2.0.0activesupport (4.1.4) lib/active_support/tagged_logging.rb:68:in `tagged'
  vendor/ruby/2.0.0railties (4.1.4) lib/rails/rack/logger.rb:20:in `call'
  vendor/ruby/2.0.0actionpack (4.1.4) lib/action_dispatch/middleware/request_id.rb:21:in `call'
  vendor/ruby/2.0.0rack (1.5.2) lib/rack/methodoverride.rb:21:in `call'
  vendor/ruby/2.0.0rack (1.5.2) lib/rack/runtime.rb:17:in `call'
  vendor/ruby/2.0.0activesupport (4.1.4) lib/active_support/cache/strategy/local_cache_middleware.rb:26:in `call'
  vendor/ruby/2.0.0rack (1.5.2) lib/rack/lock.rb:17:in `call'
  vendor/ruby/2.0.0actionpack (4.1.4) lib/action_dispatch/middleware/static.rb:64:in `call'
  vendor/ruby/2.0.0rack (1.5.2) lib/rack/sendfile.rb:112:in `call'
  vendor/ruby/2.0.0railties (4.1.4) lib/rails/engine.rb:514:in `call'
  vendor/ruby/2.0.0railties (4.1.4) lib/rails/application.rb:144:in `call'
  vendor/ruby/2.0.0rack (1.5.2) lib/rack/lock.rb:17:in `call'
  vendor/ruby/2.0.0rack (1.5.2) lib/rack/content_length.rb:14:in `call'
  vendor/ruby/2.0.0rack (1.5.2) lib/rack/handler/webrick.rb:60:in `service'
  /opt/boxen/rbenv/versions/2.0.0-p247/lib/ruby/2.0.0/webrick/httpserver.rb:138:in `service'
  /opt/boxen/rbenv/versions/2.0.0-p247/lib/ruby/2.0.0/webrick/httpserver.rb:94:in `run'
  /opt/boxen/rbenv/versions/2.0.0-p247/lib/ruby/2.0.0/webrick/server.rb:295:in `block in start_thread'


  Rendered vendor/ruby/2.0.0/gems/actionpack-4.1.4/lib/action_dispatch/middleware/templates/rescues/_trace.html.erb (1.1ms)
  Rendered vendor/ruby/2.0.0/gems/actionpack-4.1.4/lib/action_dispatch/middleware/templates/routes/_route.html.erb (1.4ms)
  Rendered vendor/ruby/2.0.0/gems/actionpack-4.1.4/lib/action_dispatch/middleware/templates/routes/_table.html.erb (1.2ms)
  Rendered vendor/ruby/2.0.0/gems/actionpack-4.1.4/lib/action_dispatch/middleware/templates/rescues/routing_error.html.erb within rescues/layout (20.8ms)


Started GET "/index" for 127.0.0.1 at 2014-07-11 00:48:26 -0500

ActionController::RoutingError (No route matches [GET] "/index"):
  vendor/ruby/2.0.0actionpack (4.1.4) lib/action_dispatch/middleware/debug_exceptions.rb:21:in `call'
  vendor/ruby/2.0.0actionpack (4.1.4) lib/action_dispatch/middleware/show_exceptions.rb:30:in `call'
  vendor/ruby/2.0.0railties (4.1.4) lib/rails/rack/logger.rb:38:in `call_app'
  vendor/ruby/2.0.0railties (4.1.4) lib/rails/rack/logger.rb:20:in `block in call'
  vendor/ruby/2.0.0activesupport (4.1.4) lib/active_support/tagged_logging.rb:68:in `block in tagged'
  vendor/ruby/2.0.0activesupport (4.1.4) lib/active_support/tagged_logging.rb:26:in `tagged'
  vendor/ruby/2.0.0activesupport (4.1.4) lib/active_support/tagged_logging.rb:68:in `tagged'
  vendor/ruby/2.0.0railties (4.1.4) lib/rails/rack/logger.rb:20:in `call'
  vendor/ruby/2.0.0actionpack (4.1.4) lib/action_dispatch/middleware/request_id.rb:21:in `call'
  vendor/ruby/2.0.0rack (1.5.2) lib/rack/methodoverride.rb:21:in `call'
  vendor/ruby/2.0.0rack (1.5.2) lib/rack/runtime.rb:17:in `call'
  vendor/ruby/2.0.0activesupport (4.1.4) lib/active_support/cache/strategy/local_cache_middleware.rb:26:in `call'
  vendor/ruby/2.0.0rack (1.5.2) lib/rack/lock.rb:17:in `call'
  vendor/ruby/2.0.0actionpack (4.1.4) lib/action_dispatch/middleware/static.rb:64:in `call'
  vendor/ruby/2.0.0rack (1.5.2) lib/rack/sendfile.rb:112:in `call'
  vendor/ruby/2.0.0railties (4.1.4) lib/rails/engine.rb:514:in `call'
  vendor/ruby/2.0.0railties (4.1.4) lib/rails/application.rb:144:in `call'
  vendor/ruby/2.0.0rack (1.5.2) lib/rack/lock.rb:17:in `call'
  vendor/ruby/2.0.0rack (1.5.2) lib/rack/content_length.rb:14:in `call'
  vendor/ruby/2.0.0rack (1.5.2) lib/rack/handler/webrick.rb:60:in `service'
  /opt/boxen/rbenv/versions/2.0.0-p247/lib/ruby/2.0.0/webrick/httpserver.rb:138:in `service'
  /opt/boxen/rbenv/versions/2.0.0-p247/lib/ruby/2.0.0/webrick/httpserver.rb:94:in `run'
  /opt/boxen/rbenv/versions/2.0.0-p247/lib/ruby/2.0.0/webrick/server.rb:295:in `block in start_thread'


  Rendered vendor/ruby/2.0.0/gems/actionpack-4.1.4/lib/action_dispatch/middleware/templates/rescues/_trace.html.erb (1.5ms)
  Rendered vendor/ruby/2.0.0/gems/actionpack-4.1.4/lib/action_dispatch/middleware/templates/routes/_route.html.erb (1.2ms)
  Rendered vendor/ruby/2.0.0/gems/actionpack-4.1.4/lib/action_dispatch/middleware/templates/routes/_table.html.erb (0.9ms)
  Rendered vendor/ruby/2.0.0/gems/actionpack-4.1.4/lib/action_dispatch/middleware/templates/rescues/routing_error.html.erb within rescues/layout (17.3ms)


Started GET "/" for 127.0.0.1 at 2014-07-11 00:50:32 -0500
  [1m[36mActiveRecord::SchemaMigration Load (0.4ms)[0m  [1mSELECT "schema_migrations".* FROM "schema_migrations"[0m
Processing by ArtsController#index as HTML
  [1m[35mArt Load (0.5ms)[0m  SELECT "arts".* FROM "arts"
  Rendered arts/index.html.erb within layouts/application (2.3ms)
Completed 200 OK in 673ms (Views: 660.7ms | ActiveRecord: 0.5ms)


Started GET "/assets/arts.css?body=1" for 127.0.0.1 at 2014-07-11 00:50:33 -0500


Started GET "/assets/application.css?body=1" for 127.0.0.1 at 2014-07-11 00:50:33 -0500


Started GET "/assets/scaffolds.css?body=1" for 127.0.0.1 at 2014-07-11 00:50:33 -0500


Started GET "/assets/arts.js?body=1" for 127.0.0.1 at 2014-07-11 00:50:33 -0500


Started GET "/assets/jquery.js?body=1" for 127.0.0.1 at 2014-07-11 00:50:33 -0500


Started GET "/assets/jquery_ujs.js?body=1" for 127.0.0.1 at 2014-07-11 00:50:33 -0500


Started GET "/assets/turbolinks.js?body=1" for 127.0.0.1 at 2014-07-11 00:50:33 -0500


Started GET "/assets/application.js?body=1" for 127.0.0.1 at 2014-07-11 00:50:33 -0500


Started GET "/" for 127.0.0.1 at 2014-07-11 00:51:10 -0500
Processing by ArtsController#index as HTML
  [1m[36mArt Load (0.3ms)[0m  [1mSELECT "arts".* FROM "arts"[0m
  Rendered arts/index.html.erb within layouts/application (1.3ms)
Completed 200 OK in 8ms (Views: 5.2ms | ActiveRecord: 0.3ms)


Started GET "/assets/jquery.js?body=1" for 127.0.0.1 at 2014-07-11 00:51:10 -0500


Started GET "/assets/scaffolds.css?body=1" for 127.0.0.1 at 2014-07-11 00:51:10 -0500


Started GET "/assets/application.css?body=1" for 127.0.0.1 at 2014-07-11 00:51:10 -0500


Started GET "/assets/arts.css?body=1" for 127.0.0.1 at 2014-07-11 00:51:10 -0500


Started GET "/assets/jquery_ujs.js?body=1" for 127.0.0.1 at 2014-07-11 00:51:11 -0500


Started GET "/assets/turbolinks.js?body=1" for 127.0.0.1 at 2014-07-11 00:51:11 -0500


Started GET "/assets/arts.js?body=1" for 127.0.0.1 at 2014-07-11 00:51:11 -0500


Started GET "/assets/application.js?body=1" for 127.0.0.1 at 2014-07-11 00:51:11 -0500


Started GET "/" for 127.0.0.1 at 2014-07-11 01:31:21 -0500
Processing by ArtsController#index as HTML
  [1m[35mArt Load (0.4ms)[0m  SELECT "arts".* FROM "arts"
  Rendered arts/index.html.erb within layouts/application (1.8ms)
Completed 200 OK in 7ms (Views: 6.3ms | ActiveRecord: 0.4ms)


Started GET "/assets/arts.css?body=1" for 127.0.0.1 at 2014-07-11 01:31:21 -0500


Started GET "/assets/turbolinks.js?body=1" for 127.0.0.1 at 2014-07-11 01:31:21 -0500


Started GET "/assets/application.css?body=1" for 127.0.0.1 at 2014-07-11 01:31:21 -0500


Started GET "/assets/arts.js?body=1" for 127.0.0.1 at 2014-07-11 01:31:21 -0500


Started GET "/assets/jquery.js?body=1" for 127.0.0.1 at 2014-07-11 01:31:21 -0500


Started GET "/assets/application.js?body=1" for 127.0.0.1 at 2014-07-11 01:31:21 -0500


Started GET "/assets/jquery_ujs.js?body=1" for 127.0.0.1 at 2014-07-11 01:31:21 -0500


Started GET "/assets/scaffolds.css?body=1" for 127.0.0.1 at 2014-07-11 01:31:21 -0500


Started GET "/" for 127.0.0.1 at 2014-07-11 01:32:04 -0500
Processing by ArtsController#index as HTML
  [1m[36mArt Load (0.4ms)[0m  [1mSELECT "arts".* FROM "arts"[0m
  Rendered arts/index.html.erb within layouts/application (2.3ms)
Completed 200 OK in 9ms (Views: 7.5ms | ActiveRecord: 0.4ms)


Started GET "/assets/arts.css?body=1" for 127.0.0.1 at 2014-07-11 01:32:04 -0500


Started GET "/assets/turbolinks.js?body=1" for 127.0.0.1 at 2014-07-11 01:32:04 -0500


Started GET "/assets/jquery.js?body=1" for 127.0.0.1 at 2014-07-11 01:32:04 -0500


Started GET "/assets/scaffolds.css?body=1" for 127.0.0.1 at 2014-07-11 01:32:04 -0500


Started GET "/assets/jquery_ujs.js?body=1" for 127.0.0.1 at 2014-07-11 01:32:04 -0500


Started GET "/assets/application.js?body=1" for 127.0.0.1 at 2014-07-11 01:32:04 -0500


Started GET "/assets/arts.js?body=1" for 127.0.0.1 at 2014-07-11 01:32:04 -0500


Started GET "/assets/application.css?body=1" for 127.0.0.1 at 2014-07-11 01:32:04 -0500


Started GET "/" for 127.0.0.1 at 2014-07-11 01:36:18 -0500
Processing by ArtsController#index as HTML
  [1m[35mArt Load (0.6ms)[0m  SELECT "arts".* FROM "arts"
  Rendered arts/index.html.erb within layouts/application (2.4ms)
Completed 200 OK in 9ms (Views: 7.4ms | ActiveRecord: 0.6ms)


Started GET "/assets/arts.css?body=1" for 127.0.0.1 at 2014-07-11 01:36:18 -0500


Started GET "/assets/scaffolds.css?body=1" for 127.0.0.1 at 2014-07-11 01:36:18 -0500


Started GET "/assets/jquery_ujs.js?body=1" for 127.0.0.1 at 2014-07-11 01:36:18 -0500


Started GET "/assets/turbolinks.js?body=1" for 127.0.0.1 at 2014-07-11 01:36:18 -0500


Started GET "/assets/application.css?body=1" for 127.0.0.1 at 2014-07-11 01:36:18 -0500


Started GET "/assets/jquery.js?body=1" for 127.0.0.1 at 2014-07-11 01:36:18 -0500


Started GET "/assets/arts.js?body=1" for 127.0.0.1 at 2014-07-11 01:36:18 -0500


Started GET "/assets/application.js?body=1" for 127.0.0.1 at 2014-07-11 01:36:18 -0500


Started GET "/" for 127.0.0.1 at 2014-07-11 01:51:19 -0500
Processing by ArtsController#index as HTML
  [1m[36mArt Load (0.4ms)[0m  [1mSELECT "arts".* FROM "arts"[0m
  Rendered arts/index.html.erb within layouts/application (1.6ms)
Completed 200 OK in 7ms (Views: 5.6ms | ActiveRecord: 0.3ms)


Started GET "/" for 127.0.0.1 at 2014-07-11 01:51:19 -0500
Processing by ArtsController#index as HTML
  [1m[35mArt Load (0.4ms)[0m  SELECT "arts".* FROM "arts"
  Rendered arts/index.html.erb within layouts/application (1.2ms)
Completed 200 OK in 7ms (Views: 5.6ms | ActiveRecord: 0.4ms)


Started GET "/assets/arts.css?body=1" for 127.0.0.1 at 2014-07-11 01:51:19 -0500


Started GET "/assets/jquery.js?body=1" for 127.0.0.1 at 2014-07-11 01:51:19 -0500


Started GET "/assets/scaffolds.css?body=1" for 127.0.0.1 at 2014-07-11 01:51:19 -0500


Started GET "/assets/jquery_ujs.js?body=1" for 127.0.0.1 at 2014-07-11 01:51:19 -0500


Started GET "/assets/arts.js?body=1" for 127.0.0.1 at 2014-07-11 01:51:19 -0500


Started GET "/assets/application.js?body=1" for 127.0.0.1 at 2014-07-11 01:51:19 -0500


Started GET "/assets/application.css?body=1" for 127.0.0.1 at 2014-07-11 01:51:19 -0500


Started GET "/assets/turbolinks.js?body=1" for 127.0.0.1 at 2014-07-11 01:51:19 -0500


Started GET "/" for 127.0.0.1 at 2014-07-11 01:52:25 -0500
Processing by ArtsController#index as HTML
  [1m[36mArt Load (0.3ms)[0m  [1mSELECT "arts".* FROM "arts"[0m
  Rendered arts/index.html.erb within layouts/application (1.7ms)
Completed 200 OK in 6ms (Views: 5.1ms | ActiveRecord: 0.3ms)


Started GET "/assets/scaffolds.css?body=1" for 127.0.0.1 at 2014-07-11 01:52:25 -0500


Started GET "/assets/jquery.js?body=1" for 127.0.0.1 at 2014-07-11 01:52:25 -0500


Started GET "/assets/application.css?body=1" for 127.0.0.1 at 2014-07-11 01:52:25 -0500


Started GET "/assets/arts.css?body=1" for 127.0.0.1 at 2014-07-11 01:52:25 -0500


Started GET "/assets/arts.js?body=1" for 127.0.0.1 at 2014-07-11 01:52:25 -0500


Started GET "/assets/turbolinks.js?body=1" for 127.0.0.1 at 2014-07-11 01:52:25 -0500


Started GET "/assets/jquery_ujs.js?body=1" for 127.0.0.1 at 2014-07-11 01:52:25 -0500


Started GET "/assets/application.js?body=1" for 127.0.0.1 at 2014-07-11 01:52:25 -0500


Started GET "/" for 127.0.0.1 at 2014-07-11 01:54:08 -0500
Processing by ArtsController#index as HTML
  [1m[35mArt Load (0.3ms)[0m  SELECT "arts".* FROM "arts"
  Rendered arts/index.html.erb within layouts/application (1.6ms)
Completed 200 OK in 7ms (Views: 5.9ms | ActiveRecord: 0.3ms)


Started GET "/assets/scaffolds.css?body=1" for 127.0.0.1 at 2014-07-11 01:54:08 -0500


Started GET "/assets/application.css?body=1" for 127.0.0.1 at 2014-07-11 01:54:08 -0500


Started GET "/assets/jquery.js?body=1" for 127.0.0.1 at 2014-07-11 01:54:08 -0500


Started GET "/assets/jquery_ujs.js?body=1" for 127.0.0.1 at 2014-07-11 01:54:08 -0500


Started GET "/assets/arts.css?body=1" for 127.0.0.1 at 2014-07-11 01:54:08 -0500


Started GET "/assets/turbolinks.js?body=1" for 127.0.0.1 at 2014-07-11 01:54:08 -0500


Started GET "/assets/arts.js?body=1" for 127.0.0.1 at 2014-07-11 01:54:08 -0500


Started GET "/assets/application.js?body=1" for 127.0.0.1 at 2014-07-11 01:54:08 -0500


Started GET "/" for 127.0.0.1 at 2014-07-11 01:54:20 -0500
Processing by ArtsController#index as HTML
  [1m[36mArt Load (0.3ms)[0m  [1mSELECT "arts".* FROM "arts"[0m
  Rendered arts/index.html.erb within layouts/application (2.0ms)
Completed 200 OK in 8ms (Views: 6.7ms | ActiveRecord: 0.3ms)


Started GET "/assets/scaffolds.css?body=1" for 127.0.0.1 at 2014-07-11 01:54:20 -0500


Started GET "/assets/application.css?body=1" for 127.0.0.1 at 2014-07-11 01:54:20 -0500


Started GET "/assets/jquery.js?body=1" for 127.0.0.1 at 2014-07-11 01:54:20 -0500


Started GET "/assets/arts.css?body=1" for 127.0.0.1 at 2014-07-11 01:54:20 -0500


Started GET "/assets/jquery_ujs.js?body=1" for 127.0.0.1 at 2014-07-11 01:54:20 -0500


Started GET "/assets/arts.js?body=1" for 127.0.0.1 at 2014-07-11 01:54:20 -0500


Started GET "/assets/turbolinks.js?body=1" for 127.0.0.1 at 2014-07-11 01:54:20 -0500


Started GET "/assets/application.js?body=1" for 127.0.0.1 at 2014-07-11 01:54:20 -0500


Started GET "/" for 127.0.0.1 at 2014-07-11 01:54:23 -0500
Processing by ArtsController#index as HTML
  [1m[35mArt Load (0.4ms)[0m  SELECT "arts".* FROM "arts"
  Rendered arts/index.html.erb within layouts/application (1.1ms)
Completed 200 OK in 8ms (Views: 6.6ms | ActiveRecord: 0.4ms)


Started GET "/assets/arts.css?body=1" for 127.0.0.1 at 2014-07-11 01:54:23 -0500


Started GET "/assets/scaffolds.css?body=1" for 127.0.0.1 at 2014-07-11 01:54:23 -0500


Started GET "/assets/application.css?body=1" for 127.0.0.1 at 2014-07-11 01:54:23 -0500


Started GET "/assets/jquery_ujs.js?body=1" for 127.0.0.1 at 2014-07-11 01:54:23 -0500


Started GET "/assets/turbolinks.js?body=1" for 127.0.0.1 at 2014-07-11 01:54:23 -0500


Started GET "/assets/jquery.js?body=1" for 127.0.0.1 at 2014-07-11 01:54:23 -0500


Started GET "/assets/arts.js?body=1" for 127.0.0.1 at 2014-07-11 01:54:23 -0500


Started GET "/assets/application.js?body=1" for 127.0.0.1 at 2014-07-11 01:54:23 -0500


Started GET "/" for 127.0.0.1 at 2014-07-11 01:54:55 -0500
Processing by ArtsController#index as HTML
  [1m[36mArt Load (0.3ms)[0m  [1mSELECT "arts".* FROM "arts"[0m
  Rendered arts/index.html.erb within layouts/application (1.6ms)
Completed 200 OK in 6ms (Views: 5.3ms | ActiveRecord: 0.3ms)


Started GET "/assets/arts.css?body=1" for 127.0.0.1 at 2014-07-11 01:54:55 -0500


Started GET "/assets/scaffolds.css?body=1" for 127.0.0.1 at 2014-07-11 01:54:55 -0500


Started GET "/assets/application.css?body=1" for 127.0.0.1 at 2014-07-11 01:54:55 -0500


Started GET "/assets/jquery.js?body=1" for 127.0.0.1 at 2014-07-11 01:54:55 -0500


Started GET "/assets/turbolinks.js?body=1" for 127.0.0.1 at 2014-07-11 01:54:55 -0500


Started GET "/assets/arts.js?body=1" for 127.0.0.1 at 2014-07-11 01:54:55 -0500


Started GET "/assets/jquery_ujs.js?body=1" for 127.0.0.1 at 2014-07-11 01:54:55 -0500


Started GET "/assets/application.js?body=1" for 127.0.0.1 at 2014-07-11 01:54:55 -0500


Started GET "/" for 127.0.0.1 at 2014-07-11 15:30:01 -0500
  [1m[36mActiveRecord::SchemaMigration Load (0.5ms)[0m  [1mSELECT "schema_migrations".* FROM "schema_migrations"[0m
Processing by ArtsController#index as HTML
  [1m[35mArt Load (0.5ms)[0m  SELECT "arts".* FROM "arts"
  Rendered arts/index.html.erb within layouts/application (2.4ms)
Completed 200 OK in 65ms (Views: 29.6ms | ActiveRecord: 0.5ms)


Started GET "/assets/arts.css?body=1" for 127.0.0.1 at 2014-07-11 15:30:02 -0500


Started GET "/assets/application.css?body=1" for 127.0.0.1 at 2014-07-11 15:30:02 -0500


Started GET "/assets/jquery_ujs.js?body=1" for 127.0.0.1 at 2014-07-11 15:30:02 -0500


Started GET "/assets/scaffolds.css?body=1" for 127.0.0.1 at 2014-07-11 15:30:02 -0500


Started GET "/assets/jquery.js?body=1" for 127.0.0.1 at 2014-07-11 15:30:02 -0500


Started GET "/assets/turbolinks.js?body=1" for 127.0.0.1 at 2014-07-11 15:30:02 -0500


Started GET "/assets/arts.js?body=1" for 127.0.0.1 at 2014-07-11 15:30:02 -0500


Started GET "/assets/application.js?body=1" for 127.0.0.1 at 2014-07-11 15:30:02 -0500


Started GET "/" for 127.0.0.1 at 2014-07-11 15:34:17 -0500
  [1m[36mActiveRecord::SchemaMigration Load (0.5ms)[0m  [1mSELECT "schema_migrations".* FROM "schema_migrations"[0m
Processing by ArtsController#index as HTML
  [1m[35mArt Load (0.5ms)[0m  SELECT "arts".* FROM "arts"
  Rendered arts/index.html.erb within layouts/application (2.4ms)
Completed 200 OK in 43ms (Views: 33.5ms | ActiveRecord: 0.5ms)


Started GET "/assets/arts.css?body=1" for 127.0.0.1 at 2014-07-11 15:34:17 -0500


Started GET "/assets/jquery.js?body=1" for 127.0.0.1 at 2014-07-11 15:34:17 -0500


Started GET "/assets/scaffolds.css?body=1" for 127.0.0.1 at 2014-07-11 15:34:17 -0500


Started GET "/assets/application.css?body=1" for 127.0.0.1 at 2014-07-11 15:34:17 -0500


Started GET "/assets/turbolinks.js?body=1" for 127.0.0.1 at 2014-07-11 15:34:17 -0500


Started GET "/assets/jquery_ujs.js?body=1" for 127.0.0.1 at 2014-07-11 15:34:17 -0500


Started GET "/assets/arts.js?body=1" for 127.0.0.1 at 2014-07-11 15:34:17 -0500


Started GET "/assets/application.js?body=1" for 127.0.0.1 at 2014-07-11 15:34:17 -0500
  [1m[36mSQL (0.3ms)[0m  [1mCREATE EXTENSION IF NOT EXISTS "plpgsql"[0m
  [1m[35m (19.7ms)[0m  DROP TABLE "arts"
  [1m[36m (4.5ms)[0m  [1mCREATE TABLE "arts" ("id" serial primary key, "created_at" timestamp, "updated_at" timestamp) [0m
  [1m[35m (2.4ms)[0m  DROP TABLE "categories"
  [1m[36m (4.1ms)[0m  [1mCREATE TABLE "categories" ("id" serial primary key, "name" character varying(255), "options" character varying(255)[] DEFAULT '{}', "project_id" integer) [0m
  [1m[35m (0.9ms)[0m  CREATE  INDEX  "index_categories_on_name" ON "categories" USING btree ("name")
  [1m[36m (1.2ms)[0m  [1mCREATE  INDEX  "index_categories_on_options" ON "categories" USING gin ("options")[0m
  [1m[35m (0.9ms)[0m  CREATE  INDEX  "index_categories_on_project_id" ON "categories" USING btree ("project_id")
  [1m[36m (1.5ms)[0m  [1mDROP TABLE "projects"[0m
  [1m[35m (1.8ms)[0m  CREATE TABLE "projects" ("id" serial primary key, "name" character varying(255)) 
  [1m[36m (1.1ms)[0m  [1mCREATE  INDEX  "index_projects_on_name" ON "projects" USING btree ("name")[0m
  [1m[35m (2.6ms)[0m  DROP TABLE "texts"
  [1m[36m (4.1ms)[0m  [1mCREATE TABLE "texts" ("id" serial primary key, "content" text, "category_id" integer, "option_index" integer) [0m
  [1m[35m (1.8ms)[0m  CREATE  INDEX  "index_texts_on_category_id" ON "texts" USING btree ("category_id")
  [1m[36m (0.3ms)[0m  [1mSELECT version FROM "schema_migrations"[0m
  [1m[35mActiveRecord::SchemaMigration Load (0.2ms)[0m  SELECT "schema_migrations".* FROM "schema_migrations"
  [1m[36mActiveRecord::SchemaMigration Load (0.4ms)[0m  [1mSELECT "schema_migrations".* FROM "schema_migrations"[0m
  [1m[35mActiveRecord::SchemaMigration Load (0.2ms)[0m  SELECT "schema_migrations".* FROM "schema_migrations"
  [1m[36mSQL (0.3ms)[0m  [1mCREATE EXTENSION IF NOT EXISTS "plpgsql"[0m
  [1m[35m (3.8ms)[0m  DROP TABLE "arts"
  [1m[36m (4.5ms)[0m  [1mCREATE TABLE "arts" ("id" serial primary key, "created_at" timestamp, "updated_at" timestamp) [0m
  [1m[35m (2.9ms)[0m  DROP TABLE "categories"
  [1m[36m (5.7ms)[0m  [1mCREATE TABLE "categories" ("id" serial primary key, "name" character varying(255), "options" character varying(255)[] DEFAULT '{}', "project_id" integer) [0m
  [1m[35m (1.1ms)[0m  CREATE  INDEX  "index_categories_on_name" ON "categories" USING btree ("name")
  [1m[36m (1.0ms)[0m  [1mCREATE  INDEX  "index_categories_on_options" ON "categories" USING gin ("options")[0m
  [1m[35m (0.9ms)[0m  CREATE  INDEX  "index_categories_on_project_id" ON "categories" USING btree ("project_id")
  [1m[36m (1.2ms)[0m  [1mDROP TABLE "projects"[0m
  [1m[35m (2.3ms)[0m  CREATE TABLE "projects" ("id" serial primary key, "name" character varying(255)) 
  [1m[36m (1.0ms)[0m  [1mCREATE  INDEX  "index_projects_on_name" ON "projects" USING btree ("name")[0m
  [1m[35m (1.5ms)[0m  DROP TABLE "texts"
  [1m[36m (3.2ms)[0m  [1mCREATE TABLE "texts" ("id" serial primary key, "content" text, "category_id" integer, "option_index" integer) [0m
  [1m[35m (1.1ms)[0m  CREATE  INDEX  "index_texts_on_category_id" ON "texts" USING btree ("category_id")
  [1m[36m (0.4ms)[0m  [1mSELECT version FROM "schema_migrations"[0m
  [1m[35mActiveRecord::SchemaMigration Load (0.2ms)[0m  SELECT "schema_migrations".* FROM "schema_migrations"
  [1m[36mActiveRecord::SchemaMigration Load (0.4ms)[0m  [1mSELECT "schema_migrations".* FROM "schema_migrations"[0m
  [1m[35mActiveRecord::SchemaMigration Load (0.2ms)[0m  SELECT "schema_migrations".* FROM "schema_migrations"


Started GET "/" for 127.0.0.1 at 2014-07-11 16:52:29 -0500
  [1m[36mActiveRecord::SchemaMigration Load (0.5ms)[0m  [1mSELECT "schema_migrations".* FROM "schema_migrations"[0m
Processing by ArtsController#index as HTML
  [1m[35mArt Load (1.2ms)[0m  SELECT "arts".* FROM "arts"
  Rendered arts/index.html.erb within layouts/application (3.4ms)
Completed 200 OK in 89ms (Views: 78.4ms | ActiveRecord: 1.2ms)


Started GET "/assets/arts.css?body=1" for 127.0.0.1 at 2014-07-11 16:52:29 -0500


Started GET "/assets/scaffolds.css?body=1" for 127.0.0.1 at 2014-07-11 16:52:29 -0500


Started GET "/assets/jquery_ujs.js?body=1" for 127.0.0.1 at 2014-07-11 16:52:29 -0500


Started GET "/assets/application.css?body=1" for 127.0.0.1 at 2014-07-11 16:52:29 -0500


Started GET "/assets/jquery.js?body=1" for 127.0.0.1 at 2014-07-11 16:52:29 -0500


Started GET "/assets/turbolinks.js?body=1" for 127.0.0.1 at 2014-07-11 16:52:29 -0500


Started GET "/assets/arts.js?body=1" for 127.0.0.1 at 2014-07-11 16:52:29 -0500


Started GET "/assets/application.js?body=1" for 127.0.0.1 at 2014-07-11 16:52:29 -0500


Started GET "/authorize" for 127.0.0.1 at 2014-07-11 16:52:38 -0500
Processing by ArtsController#authorize as HTML
Redirected to https://www.deviantart.com/oauth2/token
Completed 302 Found in 1ms (ActiveRecord: 0.0ms)


Started GET "/authorize" for 127.0.0.1 at 2014-07-11 16:53:03 -0500
Processing by ArtsController#authorize as HTML
Redirected to https://www.deviantart.com/oauth2/token
Completed 302 Found in 1ms (ActiveRecord: 0.0ms)


Started GET "/authorize?code=1046676336" for 127.0.0.1 at 2014-07-11 16:54:13 -0500
Processing by ArtsController#authorize as HTML
  Parameters: {"code"=>"1046676336"}
Redirected to https://www.deviantart.com/oauth2/token
Completed 302 Found in 1ms (ActiveRecord: 0.0ms)


Started GET "/authorize" for 127.0.0.1 at 2014-07-11 17:00:54 -0500
  [1m[36mActiveRecord::SchemaMigration Load (0.4ms)[0m  [1mSELECT "schema_migrations".* FROM "schema_migrations"[0m

SyntaxError (/Users/ETLuser/Code/Wallflower/app/controllers/arts_controller.rb:11: syntax error, unexpected tIDENTIFIER, expecting ')'
      "code="params[:code]
                   ^
/Users/ETLuser/Code/Wallflower/app/controllers/arts_controller.rb:12: syntax error, unexpected ')', expecting keyword_end
/Users/ETLuser/Code/Wallflower/app/controllers/arts_controller.rb:85: syntax error, unexpected end-of-input, expecting keyword_end):
  app/controllers/arts_controller.rb:11: syntax error, unexpected tIDENTIFIER, expecting ')'
  app/controllers/arts_controller.rb:12: syntax error, unexpected ')', expecting keyword_end
  app/controllers/arts_controller.rb:85: syntax error, unexpected end-of-input, expecting keyword_end


  Rendered vendor/ruby/2.0.0/gems/actionpack-4.1.4/lib/action_dispatch/middleware/templates/rescues/_source.erb (0.6ms)
  Rendered vendor/ruby/2.0.0/gems/actionpack-4.1.4/lib/action_dispatch/middleware/templates/rescues/_trace.html.erb (1.2ms)
  Rendered vendor/ruby/2.0.0/gems/actionpack-4.1.4/lib/action_dispatch/middleware/templates/rescues/_request_and_response.html.erb (8.5ms)
  Rendered vendor/ruby/2.0.0/gems/actionpack-4.1.4/lib/action_dispatch/middleware/templates/rescues/diagnostics.erb within rescues/layout (26.2ms)


Started GET "/authorize" for 127.0.0.1 at 2014-07-11 17:01:17 -0500
Processing by ArtsController#authorize as HTML
Completed 500 Internal Server Error in 1ms

TypeError (no implicit conversion of nil into String):
  app/controllers/arts_controller.rb:11:in `+'
  app/controllers/arts_controller.rb:11:in `authorize'


  Rendered vendor/ruby/2.0.0/gems/actionpack-4.1.4/lib/action_dispatch/middleware/templates/rescues/_source.erb (0.7ms)
  Rendered vendor/ruby/2.0.0/gems/actionpack-4.1.4/lib/action_dispatch/middleware/templates/rescues/_trace.html.erb (1.0ms)
  Rendered vendor/ruby/2.0.0/gems/actionpack-4.1.4/lib/action_dispatch/middleware/templates/rescues/_request_and_response.html.erb (1.0ms)
  Rendered vendor/ruby/2.0.0/gems/actionpack-4.1.4/lib/action_dispatch/middleware/templates/rescues/diagnostics.erb within rescues/layout (14.7ms)


Started GET "/authorize" for 127.0.0.1 at 2014-07-11 17:01:46 -0500
Processing by ArtsController#authorize as HTML
Redirected to https://www.deviantart.com/oauth2/token?grant_type=authorization_code&client_id=1479&client_secret=ff642ac312683d522fedcb531330d5a0&redirect_uri=http://google.com&code=
Completed 302 Found in 1ms (ActiveRecord: 0.0ms)


Started GET "/authorize" for 127.0.0.1 at 2014-07-11 17:02:34 -0500
Processing by ArtsController#authorize as HTML
Redirected to https://www.deviantart.com/oauth2/token?grant_type=authorization_code&client_id=1479&client_secret=ff642ac312683d522fedcb531330d5a0&redirect_uri=wallflower.herokuapp.comcode=
Completed 302 Found in 1ms (ActiveRecord: 0.0ms)


Started GET "/authorize" for 127.0.0.1 at 2014-07-11 17:03:11 -0500
Processing by ArtsController#authorize as HTML
Redirected to https://www.deviantart.com/oauth2/token?grant_type=authorization_code&client_id=1479&client_secret=ff642ac312683d522fedcb531330d5a0&redirect_uri=wallflower.herokuapp.com&code=
Completed 302 Found in 1ms (ActiveRecord: 0.0ms)


Started GET "/authorize" for 127.0.0.1 at 2014-07-11 17:03:12 -0500
Processing by ArtsController#authorize as HTML
Redirected to https://www.deviantart.com/oauth2/token?grant_type=authorization_code&client_id=1479&client_secret=ff642ac312683d522fedcb531330d5a0&redirect_uri=wallflower.herokuapp.com&code=
Completed 302 Found in 1ms (ActiveRecord: 0.0ms)


Started GET "/authorize?code=1672805390" for 127.0.0.1 at 2014-07-11 17:04:24 -0500
Processing by ArtsController#authorize as HTML
  Parameters: {"code"=>"1672805390"}
Redirected to https://www.deviantart.com/oauth2/token?grant_type=authorization_code&client_id=1479&client_secret=ff642ac312683d522fedcb531330d5a0&redirect_uri=wallflower.herokuapp.com&code=1672805390
Completed 302 Found in 1ms (ActiveRecord: 0.0ms)


Started GET "/authorize?code=1046676336" for 127.0.0.1 at 2014-07-11 17:07:14 -0500
Processing by ArtsController#authorize as HTML
  Parameters: {"code"=>"1046676336"}
Redirected to https://www.deviantart.com/oauth2/token?grant_type=authorization_code&client_id=1479&client_secret=ff642ac312683d522fedcb531330d5a0&redirect_uri=http://wallflower.herokuapp.com&code=1046676336
Completed 302 Found in 1ms (ActiveRecord: 0.0ms)


Started GET "/" for 127.0.0.1 at 2014-07-11 17:11:26 -0500
Processing by ArtsController#index as HTML
  [1m[35mArt Load (1.0ms)[0m  SELECT "arts".* FROM "arts"
  Rendered arts/index.html.erb within layouts/application (2.7ms)
Completed 200 OK in 60ms (Views: 56.7ms | ActiveRecord: 1.0ms)


Started GET "/assets/arts.css?body=1" for 127.0.0.1 at 2014-07-11 17:11:26 -0500


Started GET "/assets/scaffolds.css?body=1" for 127.0.0.1 at 2014-07-11 17:11:26 -0500


Started GET "/assets/application.css?body=1" for 127.0.0.1 at 2014-07-11 17:11:26 -0500


Started GET "/assets/jquery.js?body=1" for 127.0.0.1 at 2014-07-11 17:11:26 -0500


Started GET "/assets/jquery_ujs.js?body=1" for 127.0.0.1 at 2014-07-11 17:11:26 -0500


Started GET "/assets/turbolinks.js?body=1" for 127.0.0.1 at 2014-07-11 17:11:26 -0500


Started GET "/assets/arts.js?body=1" for 127.0.0.1 at 2014-07-11 17:11:26 -0500


Started GET "/assets/application.js?body=1" for 127.0.0.1 at 2014-07-11 17:11:26 -0500


Started GET "/authorize?code=4117457468" for 127.0.0.1 at 2014-07-11 17:24:08 -0500
Processing by ArtsController#authorize as HTML
  Parameters: {"code"=>"4117457468"}
Redirected to https://www.deviantart.com/oauth2/token?grant_type=authorization_code&client_id=1479&client_secret=ff642ac312683d522fedcb531330d5a0&code=4117457468&redirect_uri=http://wallflower.herokuapp.com/arts/index
Completed 302 Found in 1ms (ActiveRecord: 0.0ms)


Started GET "/" for 127.0.0.1 at 2014-07-11 17:58:00 -0500
  [1m[36mActiveRecord::SchemaMigration Load (0.4ms)[0m  [1mSELECT "schema_migrations".* FROM "schema_migrations"[0m
Processing by ArtsController#index as HTML
  [1m[35mArt Load (0.5ms)[0m  SELECT "arts".* FROM "arts"
  Rendered arts/index.html.erb within layouts/application (3.4ms)
Completed 200 OK in 98ms (Views: 78.4ms | ActiveRecord: 0.5ms)


Started GET "/" for 127.0.0.1 at 2014-07-11 17:58:00 -0500
Processing by ArtsController#index as HTML
  [1m[36mArt Load (0.3ms)[0m  [1mSELECT "arts".* FROM "arts"[0m
  Rendered arts/index.html.erb within layouts/application (0.9ms)
Completed 200 OK in 5ms (Views: 4.3ms | ActiveRecord: 0.3ms)


Started GET "/assets/arts.css?body=1" for 127.0.0.1 at 2014-07-11 17:58:00 -0500


Started GET "/assets/scaffolds.css?body=1" for 127.0.0.1 at 2014-07-11 17:58:00 -0500


Started GET "/assets/application.css?body=1" for 127.0.0.1 at 2014-07-11 17:58:00 -0500


Started GET "/assets/turbolinks.js?body=1" for 127.0.0.1 at 2014-07-11 17:58:00 -0500


Started GET "/assets/jquery.js?body=1" for 127.0.0.1 at 2014-07-11 17:58:00 -0500


Started GET "/assets/jquery_ujs.js?body=1" for 127.0.0.1 at 2014-07-11 17:58:00 -0500


Started GET "/assets/arts.js?body=1" for 127.0.0.1 at 2014-07-11 17:58:00 -0500


Started GET "/assets/application.js?body=1" for 127.0.0.1 at 2014-07-11 17:58:00 -0500


Started GET "/" for 127.0.0.1 at 2014-07-11 18:06:16 -0500
  [1m[36mActiveRecord::SchemaMigration Load (0.4ms)[0m  [1mSELECT "schema_migrations".* FROM "schema_migrations"[0m

SyntaxError (/Users/ETLuser/Code/Wallflower/app/controllers/arts_controller.rb:87: syntax error, unexpected end-of-input, expecting keyword_end):
  app/controllers/arts_controller.rb:87: syntax error, unexpected end-of-input, expecting keyword_end


  Rendered vendor/ruby/2.0.0/gems/actionpack-4.1.4/lib/action_dispatch/middleware/templates/rescues/_source.erb (0.6ms)
  Rendered vendor/ruby/2.0.0/gems/actionpack-4.1.4/lib/action_dispatch/middleware/templates/rescues/_trace.html.erb (1.5ms)
  Rendered vendor/ruby/2.0.0/gems/actionpack-4.1.4/lib/action_dispatch/middleware/templates/rescues/_request_and_response.html.erb (8.7ms)
  Rendered vendor/ruby/2.0.0/gems/actionpack-4.1.4/lib/action_dispatch/middleware/templates/rescues/diagnostics.erb within rescues/layout (26.3ms)


Started GET "/" for 127.0.0.1 at 2014-07-11 18:06:35 -0500
Processing by ArtsController#index as HTML
  [1m[35mArt Load (0.5ms)[0m  SELECT "arts".* FROM "arts"
  Rendered arts/index.html.erb within layouts/application (2.5ms)
Completed 200 OK in 62ms (Views: 58.7ms | ActiveRecord: 0.5ms)


Started GET "/assets/arts.css?body=1" for 127.0.0.1 at 2014-07-11 18:06:35 -0500


Started GET "/assets/scaffolds.css?body=1" for 127.0.0.1 at 2014-07-11 18:06:35 -0500


Started GET "/assets/application.css?body=1" for 127.0.0.1 at 2014-07-11 18:06:35 -0500


Started GET "/assets/jquery_ujs.js?body=1" for 127.0.0.1 at 2014-07-11 18:06:35 -0500


Started GET "/assets/turbolinks.js?body=1" for 127.0.0.1 at 2014-07-11 18:06:35 -0500


Started GET "/assets/arts.js?body=1" for 127.0.0.1 at 2014-07-11 18:06:35 -0500


Started GET "/assets/jquery.js?body=1" for 127.0.0.1 at 2014-07-11 18:06:35 -0500


Started GET "/assets/application.js?body=1" for 127.0.0.1 at 2014-07-11 18:06:35 -0500


Started GET "/" for 127.0.0.1 at 2014-07-11 21:01:45 -0500
  [1m[36mActiveRecord::SchemaMigration Load (1.2ms)[0m  [1mSELECT "schema_migrations".* FROM "schema_migrations"[0m
Processing by ArtsController#index as HTML
  [1m[35mArt Load (0.6ms)[0m  SELECT "arts".* FROM "arts"
  Rendered arts/index.html.erb within layouts/application (2.8ms)
Completed 200 OK in 87ms (Views: 77.2ms | ActiveRecord: 0.6ms)


Started GET "/assets/arts.css?body=1" for 127.0.0.1 at 2014-07-11 21:01:45 -0500


Started GET "/assets/scaffolds.css?body=1" for 127.0.0.1 at 2014-07-11 21:01:45 -0500


Started GET "/assets/application.css?body=1" for 127.0.0.1 at 2014-07-11 21:01:45 -0500


Started GET "/assets/jquery.js?body=1" for 127.0.0.1 at 2014-07-11 21:01:45 -0500


Started GET "/assets/jquery_ujs.js?body=1" for 127.0.0.1 at 2014-07-11 21:01:45 -0500


Started GET "/assets/arts.js?body=1" for 127.0.0.1 at 2014-07-11 21:01:45 -0500


Started GET "/assets/turbolinks.js?body=1" for 127.0.0.1 at 2014-07-11 21:01:45 -0500


Started GET "/assets/application.js?body=1" for 127.0.0.1 at 2014-07-11 21:01:45 -0500


Started GET "/" for 127.0.0.1 at 2014-07-11 21:04:14 -0500
Processing by ArtsController#index as HTML
  [1m[36mArt Load (0.4ms)[0m  [1mSELECT "arts".* FROM "arts"[0m
  Rendered arts/index.html.erb within layouts/application (1.9ms)
Completed 200 OK in 12ms (Views: 8.2ms | ActiveRecord: 0.4ms)


Started GET "/assets/jquery_ujs.js?body=1" for 127.0.0.1 at 2014-07-11 21:04:14 -0500


Started GET "/assets/arts.css?body=1" for 127.0.0.1 at 2014-07-11 21:04:14 -0500


Started GET "/assets/scaffolds.css?body=1" for 127.0.0.1 at 2014-07-11 21:04:14 -0500


Started GET "/assets/jquery.js?body=1" for 127.0.0.1 at 2014-07-11 21:04:14 -0500


Started GET "/assets/application.css?body=1" for 127.0.0.1 at 2014-07-11 21:04:14 -0500


Started GET "/assets/turbolinks.js?body=1" for 127.0.0.1 at 2014-07-11 21:04:14 -0500


Started GET "/assets/arts.js?body=1" for 127.0.0.1 at 2014-07-11 21:04:14 -0500


Started GET "/assets/application.js?body=1" for 127.0.0.1 at 2014-07-11 21:04:14 -0500


Started GET "/" for 127.0.0.1 at 2014-07-11 21:04:15 -0500
Processing by ArtsController#index as HTML
  [1m[35mArt Load (0.5ms)[0m  SELECT "arts".* FROM "arts"
  Rendered arts/index.html.erb within layouts/application (1.4ms)
Completed 200 OK in 7ms (Views: 5.8ms | ActiveRecord: 0.5ms)


Started GET "/assets/jquery.js?body=1" for 127.0.0.1 at 2014-07-11 21:04:15 -0500


Started GET "/assets/arts.css?body=1" for 127.0.0.1 at 2014-07-11 21:04:15 -0500


Started GET "/assets/scaffolds.css?body=1" for 127.0.0.1 at 2014-07-11 21:04:15 -0500


Started GET "/assets/application.css?body=1" for 127.0.0.1 at 2014-07-11 21:04:15 -0500


Started GET "/assets/jquery_ujs.js?body=1" for 127.0.0.1 at 2014-07-11 21:04:15 -0500


Started GET "/assets/turbolinks.js?body=1" for 127.0.0.1 at 2014-07-11 21:04:15 -0500


Started GET "/assets/arts.js?body=1" for 127.0.0.1 at 2014-07-11 21:04:15 -0500


Started GET "/assets/application.js?body=1" for 127.0.0.1 at 2014-07-11 21:04:15 -0500


Started GET "/" for 127.0.0.1 at 2014-07-11 21:12:19 -0500
  [1m[36mActiveRecord::SchemaMigration Load (0.4ms)[0m  [1mSELECT "schema_migrations".* FROM "schema_migrations"[0m
Processing by ArtsController#index as HTML
  [1m[35mArt Load (0.5ms)[0m  SELECT "arts".* FROM "arts"
  Rendered arts/index.html.erb within layouts/application (3.0ms)
Completed 200 OK in 100ms (Views: 81.7ms | ActiveRecord: 0.5ms)


Started GET "/" for 127.0.0.1 at 2014-07-11 21:12:20 -0500
Processing by ArtsController#index as HTML
  [1m[36mArt Load (0.3ms)[0m  [1mSELECT "arts".* FROM "arts"[0m
  Rendered arts/index.html.erb within layouts/application (1.3ms)
Completed 200 OK in 6ms (Views: 4.9ms | ActiveRecord: 0.3ms)


Started GET "/assets/application.css?body=1" for 127.0.0.1 at 2014-07-11 21:12:20 -0500


Started GET "/assets/scaffolds.css?body=1" for 127.0.0.1 at 2014-07-11 21:12:20 -0500


Started GET "/assets/jquery.js?body=1" for 127.0.0.1 at 2014-07-11 21:12:20 -0500


Started GET "/assets/jquery_ujs.js?body=1" for 127.0.0.1 at 2014-07-11 21:12:20 -0500


Started GET "/assets/arts.css?body=1" for 127.0.0.1 at 2014-07-11 21:12:20 -0500


Started GET "/assets/application.js?body=1" for 127.0.0.1 at 2014-07-11 21:12:20 -0500


Started GET "/assets/turbolinks.js?body=1" for 127.0.0.1 at 2014-07-11 21:12:20 -0500


Started GET "/assets/arts.js?body=1" for 127.0.0.1 at 2014-07-11 21:12:20 -0500


Started GET "/" for 127.0.0.1 at 2014-07-11 21:17:01 -0500
  [1m[36mActiveRecord::SchemaMigration Load (0.7ms)[0m  [1mSELECT "schema_migrations".* FROM "schema_migrations"[0m
Processing by ArtsController#index as HTML
  [1m[35mArt Load (0.5ms)[0m  SELECT "arts".* FROM "arts"
  Rendered arts/index.html.erb within layouts/application (3.0ms)
Completed 200 OK in 93ms (Views: 49.7ms | ActiveRecord: 0.5ms)


Started GET "/" for 127.0.0.1 at 2014-07-11 21:17:01 -0500
Processing by ArtsController#index as HTML
  [1m[36mArt Load (0.3ms)[0m  [1mSELECT "arts".* FROM "arts"[0m
  Rendered arts/index.html.erb within layouts/application (0.9ms)
Completed 200 OK in 5ms (Views: 4.1ms | ActiveRecord: 0.3ms)


Started GET "/assets/arts.css?body=1" for 127.0.0.1 at 2014-07-11 21:17:01 -0500


Started GET "/assets/scaffolds.css?body=1" for 127.0.0.1 at 2014-07-11 21:17:01 -0500


Started GET "/assets/jquery_ujs.js?body=1" for 127.0.0.1 at 2014-07-11 21:17:01 -0500


Started GET "/assets/jquery.js?body=1" for 127.0.0.1 at 2014-07-11 21:17:01 -0500


Started GET "/assets/application.css?body=1" for 127.0.0.1 at 2014-07-11 21:17:01 -0500


Started GET "/assets/arts.js?body=1" for 127.0.0.1 at 2014-07-11 21:17:01 -0500


Started GET "/assets/turbolinks.js?body=1" for 127.0.0.1 at 2014-07-11 21:17:01 -0500


Started GET "/assets/application.js?body=1" for 127.0.0.1 at 2014-07-11 21:17:02 -0500


Started GET "/" for 127.0.0.1 at 2014-07-11 21:25:18 -0500
  [1m[36mActiveRecord::SchemaMigration Load (0.9ms)[0m  [1mSELECT "schema_migrations".* FROM "schema_migrations"[0m
Processing by ArtsController#index as HTML
  [1m[35mArt Load (0.6ms)[0m  SELECT "arts".* FROM "arts"
  Rendered arts/index.html.erb within layouts/application (3.8ms)
Completed 200 OK in 56ms (Views: 44.5ms | ActiveRecord: 0.6ms)


Started GET "/" for 127.0.0.1 at 2014-07-11 21:25:18 -0500
Processing by ArtsController#index as HTML
  [1m[36mArt Load (0.9ms)[0m  [1mSELECT "arts".* FROM "arts"[0m
  Rendered arts/index.html.erb within layouts/application (1.9ms)
Completed 200 OK in 9ms (Views: 6.8ms | ActiveRecord: 0.9ms)


Started GET "/assets/arts.css?body=1" for 127.0.0.1 at 2014-07-11 21:25:18 -0500


Started GET "/assets/jquery.js?body=1" for 127.0.0.1 at 2014-07-11 21:25:18 -0500


Started GET "/assets/jquery_ujs.js?body=1" for 127.0.0.1 at 2014-07-11 21:25:18 -0500


Started GET "/assets/scaffolds.css?body=1" for 127.0.0.1 at 2014-07-11 21:25:18 -0500


Started GET "/assets/application.css?body=1" for 127.0.0.1 at 2014-07-11 21:25:18 -0500


Started GET "/assets/application.js?body=1" for 127.0.0.1 at 2014-07-11 21:25:18 -0500


Started GET "/assets/turbolinks.js?body=1" for 127.0.0.1 at 2014-07-11 21:25:18 -0500


Started GET "/assets/arts.js?body=1" for 127.0.0.1 at 2014-07-11 21:25:18 -0500


Started GET "/" for 127.0.0.1 at 2014-07-11 21:31:39 -0500
  [1m[36mActiveRecord::SchemaMigration Load (0.5ms)[0m  [1mSELECT "schema_migrations".* FROM "schema_migrations"[0m
Processing by ArtsController#index as HTML
  [1m[35mArt Load (0.7ms)[0m  SELECT "arts".* FROM "arts"
  Rendered arts/index.html.erb within layouts/application (2.7ms)
Completed 200 OK in 70ms (Views: 60.0ms | ActiveRecord: 0.7ms)


Started GET "/assets/scaffolds.css?body=1" for 127.0.0.1 at 2014-07-11 21:31:39 -0500


Started GET "/assets/arts.css?body=1" for 127.0.0.1 at 2014-07-11 21:31:39 -0500


Started GET "/assets/jquery.js?body=1" for 127.0.0.1 at 2014-07-11 21:31:39 -0500


Started GET "/assets/application.css?body=1" for 127.0.0.1 at 2014-07-11 21:31:39 -0500


Started GET "/assets/jquery_ujs.js?body=1" for 127.0.0.1 at 2014-07-11 21:31:39 -0500


Started GET "/assets/arts.js?body=1" for 127.0.0.1 at 2014-07-11 21:31:39 -0500


Started GET "/assets/turbolinks.js?body=1" for 127.0.0.1 at 2014-07-11 21:31:39 -0500


Started GET "/assets/application.js?body=1" for 127.0.0.1 at 2014-07-11 21:31:39 -0500


Started GET "/" for 127.0.0.1 at 2014-07-11 21:32:20 -0500
  [1m[36mActiveRecord::SchemaMigration Load (0.4ms)[0m  [1mSELECT "schema_migrations".* FROM "schema_migrations"[0m
Processing by ArtsController#index as HTML
  [1m[35mArt Load (0.5ms)[0m  SELECT "arts".* FROM "arts"
  Rendered arts/index.html.erb within layouts/application (3.0ms)
Completed 200 OK in 78ms (Views: 67.6ms | ActiveRecord: 0.5ms)


Started GET "/assets/arts.css?body=1" for 127.0.0.1 at 2014-07-11 21:32:21 -0500


Started GET "/assets/scaffolds.css?body=1" for 127.0.0.1 at 2014-07-11 21:32:21 -0500


Started GET "/assets/application.css?body=1" for 127.0.0.1 at 2014-07-11 21:32:21 -0500


Started GET "/assets/jquery_ujs.js?body=1" for 127.0.0.1 at 2014-07-11 21:32:21 -0500


Started GET "/assets/jquery.js?body=1" for 127.0.0.1 at 2014-07-11 21:32:21 -0500


Started GET "/assets/turbolinks.js?body=1" for 127.0.0.1 at 2014-07-11 21:32:21 -0500


Started GET "/assets/arts.js?body=1" for 127.0.0.1 at 2014-07-11 21:32:21 -0500


Started GET "/assets/application.js?body=1" for 127.0.0.1 at 2014-07-11 21:32:21 -0500


Started GET "/" for 127.0.0.1 at 2014-07-11 21:34:13 -0500
  [1m[36mActiveRecord::SchemaMigration Load (0.5ms)[0m  [1mSELECT "schema_migrations".* FROM "schema_migrations"[0m
Processing by ArtsController#index as HTML
  [1m[35mArt Load (0.8ms)[0m  SELECT "arts".* FROM "arts"
  Rendered arts/index.html.erb within layouts/application (3.4ms)
Completed 200 OK in 74ms (Views: 60.6ms | ActiveRecord: 0.8ms)


Started GET "/assets/arts.css?body=1" for 127.0.0.1 at 2014-07-11 21:34:13 -0500


Started GET "/assets/scaffolds.css?body=1" for 127.0.0.1 at 2014-07-11 21:34:13 -0500


Started GET "/assets/application.css?body=1" for 127.0.0.1 at 2014-07-11 21:34:13 -0500


Started GET "/assets/jquery.js?body=1" for 127.0.0.1 at 2014-07-11 21:34:13 -0500


Started GET "/assets/arts.js?body=1" for 127.0.0.1 at 2014-07-11 21:34:13 -0500


Started GET "/assets/turbolinks.js?body=1" for 127.0.0.1 at 2014-07-11 21:34:13 -0500


Started GET "/assets/jquery_ujs.js?body=1" for 127.0.0.1 at 2014-07-11 21:34:13 -0500


Started GET "/assets/application.js?body=1" for 127.0.0.1 at 2014-07-11 21:34:13 -0500


Started GET "/" for 127.0.0.1 at 2014-07-11 21:35:11 -0500
  [1m[36mActiveRecord::SchemaMigration Load (0.4ms)[0m  [1mSELECT "schema_migrations".* FROM "schema_migrations"[0m
Processing by ArtsController#index as HTML
  [1m[35mArt Load (0.5ms)[0m  SELECT "arts".* FROM "arts"
  Rendered arts/index.html.erb within layouts/application (2.4ms)
Completed 200 OK in 42ms (Views: 32.3ms | ActiveRecord: 0.5ms)


Started GET "/" for 127.0.0.1 at 2014-07-11 21:35:11 -0500
Processing by ArtsController#index as HTML
  [1m[36mArt Load (0.4ms)[0m  [1mSELECT "arts".* FROM "arts"[0m
  Rendered arts/index.html.erb within layouts/application (1.0ms)
Completed 200 OK in 5ms (Views: 4.2ms | ActiveRecord: 0.4ms)


Started GET "/assets/arts.css?body=1" for 127.0.0.1 at 2014-07-11 21:35:11 -0500


Started GET "/assets/jquery.js?body=1" for 127.0.0.1 at 2014-07-11 21:35:11 -0500


Started GET "/assets/application.css?body=1" for 127.0.0.1 at 2014-07-11 21:35:11 -0500


Started GET "/assets/jquery_ujs.js?body=1" for 127.0.0.1 at 2014-07-11 21:35:11 -0500


Started GET "/assets/turbolinks.js?body=1" for 127.0.0.1 at 2014-07-11 21:35:11 -0500


Started GET "/assets/scaffolds.css?body=1" for 127.0.0.1 at 2014-07-11 21:35:11 -0500


Started GET "/assets/arts.js?body=1" for 127.0.0.1 at 2014-07-11 21:35:11 -0500


Started GET "/assets/application.js?body=1" for 127.0.0.1 at 2014-07-11 21:35:11 -0500


Started GET "/" for 127.0.0.1 at 2014-07-11 21:35:39 -0500
Processing by ArtsController#index as HTML
  [1m[35mArt Load (0.3ms)[0m  SELECT "arts".* FROM "arts"
  Rendered arts/index.html.erb within layouts/application (1.0ms)
Completed 200 OK in 5ms (Views: 4.3ms | ActiveRecord: 0.3ms)


Started GET "/assets/arts.css?body=1" for 127.0.0.1 at 2014-07-11 21:35:40 -0500


Started GET "/assets/application.css?body=1" for 127.0.0.1 at 2014-07-11 21:35:40 -0500


Started GET "/assets/jquery.js?body=1" for 127.0.0.1 at 2014-07-11 21:35:40 -0500


Started GET "/assets/scaffolds.css?body=1" for 127.0.0.1 at 2014-07-11 21:35:40 -0500


Started GET "/assets/jquery_ujs.js?body=1" for 127.0.0.1 at 2014-07-11 21:35:40 -0500


Started GET "/assets/turbolinks.js?body=1" for 127.0.0.1 at 2014-07-11 21:35:40 -0500


Started GET "/assets/arts.js?body=1" for 127.0.0.1 at 2014-07-11 21:35:40 -0500


Started GET "/assets/application.js?body=1" for 127.0.0.1 at 2014-07-11 21:35:40 -0500


Started GET "/" for 127.0.0.1 at 2014-07-11 21:38:01 -0500
  [1m[36mActiveRecord::SchemaMigration Load (0.6ms)[0m  [1mSELECT "schema_migrations".* FROM "schema_migrations"[0m
Processing by ArtsController#index as HTML
  [1m[35mArt Load (0.5ms)[0m  SELECT "arts".* FROM "arts"
  Rendered arts/index.html.erb within layouts/application (2.5ms)
Completed 200 OK in 70ms (Views: 59.7ms | ActiveRecord: 0.5ms)


Started GET "/" for 127.0.0.1 at 2014-07-11 21:38:31 -0500
Processing by ArtsController#index as HTML
  [1m[36mArt Load (1.1ms)[0m  [1mSELECT "arts".* FROM "arts"[0m
  Rendered arts/index.html.erb within layouts/application (2.9ms)
Completed 200 OK in 13ms (Views: 8.5ms | ActiveRecord: 1.1ms)


Started GET "/assets/arts.css?body=1" for 127.0.0.1 at 2014-07-11 21:38:31 -0500


Started GET "/assets/application.css?body=1" for 127.0.0.1 at 2014-07-11 21:38:31 -0500


Started GET "/assets/jquery.js?body=1" for 127.0.0.1 at 2014-07-11 21:38:31 -0500


Started GET "/assets/arts.js?body=1" for 127.0.0.1 at 2014-07-11 21:38:31 -0500


Started GET "/assets/turbolinks.js?body=1" for 127.0.0.1 at 2014-07-11 21:38:31 -0500


Started GET "/assets/jquery_ujs.js?body=1" for 127.0.0.1 at 2014-07-11 21:38:31 -0500


Started GET "/assets/scaffolds.css?body=1" for 127.0.0.1 at 2014-07-11 21:38:31 -0500


Started GET "/assets/application.js?body=1" for 127.0.0.1 at 2014-07-11 21:38:31 -0500


Started GET "/" for 127.0.0.1 at 2014-07-11 21:39:25 -0500
Processing by ArtsController#index as HTML
  [1m[35mArt Load (0.5ms)[0m  SELECT "arts".* FROM "arts"
  Rendered arts/index.html.erb within layouts/application (1.5ms)
Completed 200 OK in 1495ms (Views: 7.4ms | ActiveRecord: 0.5ms)


Started GET "/assets/arts.css?body=1" for 127.0.0.1 at 2014-07-11 21:39:27 -0500


Started GET "/assets/scaffolds.css?body=1" for 127.0.0.1 at 2014-07-11 21:39:27 -0500


Started GET "/assets/application.css?body=1" for 127.0.0.1 at 2014-07-11 21:39:27 -0500


Started GET "/assets/jquery.js?body=1" for 127.0.0.1 at 2014-07-11 21:39:27 -0500


Started GET "/assets/jquery_ujs.js?body=1" for 127.0.0.1 at 2014-07-11 21:39:27 -0500


Started GET "/assets/arts.js?body=1" for 127.0.0.1 at 2014-07-11 21:39:27 -0500


Started GET "/assets/turbolinks.js?body=1" for 127.0.0.1 at 2014-07-11 21:39:27 -0500


Started GET "/assets/application.js?body=1" for 127.0.0.1 at 2014-07-11 21:39:27 -0500
